>InitializeBuildStatus:
1>  Touching "Debug\simpledll.unsuccessfulbuild".
1>ClCompile:
1>  test.c
1>c:\users\dell inspiron\documents\visual studio 2010\projects\simpledll\simpledll\simpledll.h(23): warning C4005: 'export' : macro redefinition
1>          c:\users\dell inspiron\documents\visual studio 2010\projects\simpledll\simpledll\simpledll.h(11) : see previous definition of 'export'
1>c:\users\dell inspiron\documents\visual studio 2010\projects\simpledll\simpledll\simpledll.h(24): warning C4005: 'export' : macro redefinition
1>          c:\users\dell inspiron\documents\visual studio 2010\projects\simpledll\simpledll\simpledll.h(23) : see previous definition of 'export'
1>c:\users\dell inspiron\documents\visual studio 2010\projects\simpledll\simpledll\simpledll.h(73): warning C4005: 'export' : macro redefinition
1>          c:\users\dell inspiron\documents\visual studio 2010\projects\simpledll\simpledll\simpledll.h(24) : see previous definition of 'export'
1>c:\users\dell inspiron\documents\visual studio 2010\projects\simpledll\simpledll\test.c(3): error C2146: syntax error : missing ')' before identifier 'hInstance'
1>c:\users\dell inspiron\documents\visual studio 2010\projects\simpledll\simpledll\test.c(3): error C2061: syntax error : identifier 'hInstance'
1>c:\users\dell inspiron\documents\visual studio 2010\projects\simpledll\simpledll\test.c(3): error C2059: syntax error : ';'
1>c:\users\dell inspiron\documents\visual studio 2010\projects\simpledll\simpledll\test.c(3): error C2059: syntax error : ','
1>c:\users\dell inspiron\documents\visual studio 2010\projects\simpledll\simpledll\test.c(3): error C2059: syntax error : ')'
1>c:\users\dell inspiron\documents\visual studio 2010\projects\simpledll\simpledll\test.c(41): error C2146: syntax error : missing ')' before identifier 'hwnd'
1>c:\users\dell inspiron\documents\visual studio 2010\projects\simpledll\simpledll\test.c(41): error C2082: redefinition of formal parameter 'WndProc'
1>c:\users\dell inspiron\documents\visual studio 2010\projects\simpledll\simpledll\test.c(41): error C2146: syntax error : missing ',' before identifier 'hwnd'
1>c:\users\dell inspiron\documents\visual studio 2010\projects\simpledll\simpledll\test.c(41): error C2085: 'message' : not in formal parameter list
1>c:\users\dell inspiron\documents\visual studio 2010\projects\simpledll\simpledll\test.c(41): error C2146: syntax error : missing ',' before identifier 'message'
1>c:\users\dell inspiron\documents\visual studio 2010\projects\simpledll\simpledll\test.c(41): error C2085: 'wParam' : not in formal parameter list
1>c:\users\dell inspiron\documents\visual studio 2010\projects\simpledll\simpledll\test.c(41): error C2146: syntax error : missing ',' before identifier 'wParam'
1>c:\users\dell inspiron\documents\visual studio 2010\projects\simpledll\simpledll\test.c(41): error C2085: 'lParam' : not in formal parameter list
1>c:\users\dell inspiron\documents\visual studio 2010\projects\simpledll\simpledll\test.c(41): error C2146: syntax error : missing ',' before identifier 'lParam'
1>c:\users\dell inspiron\documents\visual studio 2010\projects\simpledll\simpledll\test.c(41): error C2059: syntax error : ')'
1>c:\users\dell inspiron\documents\visual studio 2010\projects\simpledll\simpledll\test.c(42): error C2143: syntax error : missing ';' before '{'
1>c:\users\dell inspiron\documents\visual studio 2010\projects\simpledll\simpledll\test.c(43): error C2065: 'hdc' : undeclared identifier
1>c:\users\dell inspiron\documents\visual studio 2010\projects\simpledll\simpledll\test.c(43): error C2146: syntax error : missing ';' before identifier 'hdc'
1>c:\users\dell inspiron\documents\visual studio 2010\projects\simpledll\simpledll\test.c(43): error C2065: 'hdc' : undeclared identifier
1>c:\users\dell inspiron\documents\visual studio 2010\projects\simpledll\simpledll\test.c(44): error C2065: 'ps' : undeclared identifier
1>c:\users\dell inspiron\documents\visual studio 2010\projects\simpledll\simpledll\test.c(44): error C2146: syntax error : missing ';' before identifier 'ps'
1>c:\users\dell inspiron\documents\visual studio 2010\projects\simpledll\simpledll\test.c(44): error C2065: 'ps' : undeclared identifier
1>c:\users\dell inspiron\documents\visual studio 2010\projects\simpledll\simpledll\test.c(45): error C2065: 'rect' : undeclared identifier
1>c:\users\dell inspiron\documents\visual studio 2010\projects\simpledll\simpledll\test.c(45): error C2146: syntax error : missing ';' before identifier 'rect'
1>c:\users\dell inspiron\documents\visual studio 2010\projects\simpledll\simpledll\test.c(45): error C2065: 'rect' : undeclared identifier
1>c:\users\dell inspiron\documents\visual studio 2010\projects\simpledll\simpledll\test.c(47): error C2065: 'message' : undeclared identifier
1>c:\users\dell inspiron\documents\visual studio 2010\projects\simpledll\simpledll\test.c(50): error C2065: 'hdc' : undeclared identifier
1>c:\users\dell inspiron\documents\visual studio 2010\projects\simpledll\simpledll\test.c(50): warning C4002: too many actual parameters for macro 'BeginPaint'
1>c:\users\dell inspiron\documents\visual studio 2010\projects\simpledll\simpledll\test.c(50): error C2059: syntax error : ';'
1>c:\users\dell inspiron\documents\visual studio 2010\projects\simpledll\simpledll\test.c(52): warning C4002: too many actual parameters for macro 'GetClientRect'
1>c:\users\dell inspiron\documents\visual studio 2010\projects\simpledll\simpledll\test.c(54): error C2065: 'hdc' : undeclared identifier
1>c:\users\dell inspiron\documents\visual studio 2010\projects\simpledll\simpledll\test.c(54): error C2146: syntax error : missing ')' before identifier 'hdc'
1>c:\users\dell inspiron\documents\visual studio 2010\projects\simpledll\simpledll\test.c(54): error C2059: syntax error : ')'
1>c:\users\dell inspiron\documents\visual studio 2010\projects\simpledll\simpledll\test.c(56): warning C4002: too many actual parameters for macro 'EndPaint'
1>c:\users\dell inspiron\documents\visual studio 2010\projects\simpledll\simpledll\test.c(63): warning C4047: 'return' : 'BOOL' differs in levels of indirection from 'BOOL (__stdcall *)()'
1>  simpledll.c
1>c:\users\dell inspiron\documents\visual studio 2010\projects\simpledll\simpledll\simpledll.h(23): warning C4005: 'export' : macro redefinition
1>          c:\users\dell inspiron\documents\visual studio 2010\projects\simpledll\simpledll\simpledll.h(11) : see previous definition of 'export'
1>c:\users\dell inspiron\documents\visual studio 2010\projects\simpledll\simpledll\simpledll.h(24): warning C4005: 'export' : macro redefinition
1>          c:\users\dell inspiron\documents\visual studio 2010\projects\simpledll\simpledll\simpledll.h(23) : see previous definition of 'export'
1>c:\users\dell inspiron\documents\visual studio 2010\projects\simpledll\simpledll\simpledll.h(73): warning C4005: 'export' : macro redefinition
1>          c:\users\dell inspiron\documents\visual studio 2010\projects\simpledll\simpledll\simpledll.h(24) : see previous definition of 'export'
1>c:\users\dell inspiron\documents\visual studio 2010\projects\simpledll\simpledll\simpledll.c(5): error C2146: syntax error : missing ')' before identifier 'hInstance'
1>c:\users\dell inspiron\documents\visual studio 2010\projects\simpledll\simpledll\simpledll.c(5): error C2061: syntax error : identifier 'hInstance'
1>c:\users\dell inspiron\documents\visual studio 2010\projects\simpledll\simpledll\simpledll.c(5): error C2059: syntax error : ';'
1>c:\users\dell inspiron\documents\visual studio 2010\projects\simpledll\simpledll\simpledll.c(5): error C2059: syntax error : ','
1>c:\users\dell inspiron\documents\visual studio 2010\projects\simpledll\simpledll\simpledll.c(5): error C2059: syntax error : ')'
1>c:\users\dell inspiron\documents\visual studio 2010\projects\simpledll\simpledll\simpledll.c(9): error C2059: syntax error : '('
1>c:\users\dell inspiron\documents\visual studio 2010\projects\simpledll\simpledll\simpledll.c(14): warning C4002: too many actual parameters for macro 'GetTextExtentPoint32A'
1>c:\users\dell inspiron\documents\visual studio 2010\projects\simpledll\simpledll\simpledll.c(15): warning C4002: too many actual parameters for macro 'prc'
1>c:\users\dell inspiron\documents\visual studio 2010\projects\simpledll\simpledll\simpledll.c(15): warning C4002: too many actual parameters for macro 'prc'
1>c:\users\dell inspiron\documents\visual studio 2010\projects\simpledll\simpledll\simpledll.c(16): fatal error C1903: unable to recover from previous error(s); stopping compilation
1>  Generating Code...
1>
1>Build FAILED.
1>
1>Time Elapsed 00:00:02.59
========== Build: 0 succeeded, 1 failed, 0 up-to-date, 0 skipped ==========



1>------ Build started: Project: simpledll, Configuration: Debug Win32 ------
1>Build started 28-04-2014 22:57:55.
1>InitializeBuildStatus:
1>  Touching "Debug\simpledll.unsuccessfulbuild".
1>ClCompile:
1>  test.c
1>c:\users\dell inspiron\documents\visual studio 2010\projects\simpledll\simpledll\simpledll.h(23): warning C4005: 'export' : macro redefinition
1>          c:\users\dell inspiron\documents\visual studio 2010\projects\simpledll\simpledll\simpledll.h(11) : see previous definition of 'export'
1>c:\users\dell inspiron\documents\visual studio 2010\projects\simpledll\simpledll\simpledll.h(24): warning C4005: 'export' : macro redefinition
1>          c:\users\dell inspiron\documents\visual studio 2010\projects\simpledll\simpledll\simpledll.h(23) : see previous definition of 'export'
1>c:\users\dell inspiron\documents\visual studio 2010\projects\simpledll\simpledll\simpledll.h(73): warning C4005: 'export' : macro redefinition
1>          c:\users\dell inspiron\documents\visual studio 2010\projects\simpledll\simpledll\simpledll.h(24) : see previous definition of 'export'
1>c:\users\dell inspiron\documents\visual studio 2010\projects\simpledll\simpledll\simpledll.h(78): warning C4005: 'int' : macro redefinition
1>          c:\users\dell inspiron\documents\visual studio 2010\projects\simpledll\simpledll\simpledll.h(21) : see previous definition of 'int'
1>c:\users\dell inspiron\documents\visual studio 2010\projects\simpledll\simpledll\test.c(3): error C2143: syntax error : missing '{' before '__stdcall'
1>c:\users\dell inspiron\documents\visual studio 2010\projects\simpledll\simpledll\test.c(3): error C2146: syntax error : missing ')' before identifier 'hInstance'
1>c:\users\dell inspiron\documents\visual studio 2010\projects\simpledll\simpledll\test.c(3): error C2061: syntax error : identifier 'hInstance'
1>c:\users\dell inspiron\documents\visual studio 2010\projects\simpledll\simpledll\test.c(3): error C2059: syntax error : ';'
1>c:\users\dell inspiron\documents\visual studio 2010\projects\simpledll\simpledll\test.c(3): error C2059: syntax error : ','
1>c:\users\dell inspiron\documents\visual studio 2010\projects\simpledll\simpledll\test.c(3): error C2059: syntax error : ')'
1>c:\users\dell inspiron\documents\visual studio 2010\projects\simpledll\simpledll\test.c(41): error C2146: syntax error : missing ')' before identifier 'hwnd'
1>c:\users\dell inspiron\documents\visual studio 2010\projects\simpledll\simpledll\test.c(41): error C2082: redefinition of formal parameter 'WndProc'
1>c:\users\dell inspiron\documents\visual studio 2010\projects\simpledll\simpledll\test.c(41): error C2146: syntax error : missing ',' before identifier 'hwnd'
1>c:\users\dell inspiron\documents\visual studio 2010\projects\simpledll\simpledll\test.c(41): error C2085: 'message' : not in formal parameter list
1>c:\users\dell inspiron\documents\visual studio 2010\projects\simpledll\simpledll\test.c(41): error C2146: syntax error : missing ',' before identifier 'message'
1>c:\users\dell inspiron\documents\visual studio 2010\projects\simpledll\simpledll\test.c(41): error C2085: 'wParam' : not in formal parameter list
1>c:\users\dell inspiron\documents\visual studio 2010\projects\simpledll\simpledll\test.c(41): error C2146: syntax error : missing ',' before identifier 'wParam'
1>c:\users\dell inspiron\documents\visual studio 2010\projects\simpledll\simpledll\test.c(41): error C2085: 'lParam' : not in formal parameter list
1>c:\users\dell inspiron\documents\visual studio 2010\projects\simpledll\simpledll\test.c(41): error C2146: syntax error : missing ',' before identifier 'lParam'
1>c:\users\dell inspiron\documents\visual studio 2010\projects\simpledll\simpledll\test.c(41): error C2059: syntax error : ')'
1>c:\users\dell inspiron\documents\visual studio 2010\projects\simpledll\simpledll\test.c(42): error C2143: syntax error : missing ';' before '{'
1>c:\users\dell inspiron\documents\visual studio 2010\projects\simpledll\simpledll\test.c(43): error C2065: 'hdc' : undeclared identifier
1>c:\users\dell inspiron\documents\visual studio 2010\projects\simpledll\simpledll\test.c(43): error C2146: syntax error : missing ';' before identifier 'hdc'
1>c:\users\dell inspiron\documents\visual studio 2010\projects\simpledll\simpledll\test.c(43): error C2065: 'hdc' : undeclared identifier
1>c:\users\dell inspiron\documents\visual studio 2010\projects\simpledll\simpledll\test.c(44): error C2275: 'PAINTSTRUCT' : illegal use of this type as an expression
1>          c:\program files (x86)\microsoft sdks\windows\v7.0a\include\winuser.h(2814) : see declaration of 'PAINTSTRUCT'
1>c:\users\dell inspiron\documents\visual studio 2010\projects\simpledll\simpledll\test.c(44): error C2146: syntax error : missing ';' before identifier 'ps'
1>c:\users\dell inspiron\documents\visual studio 2010\projects\simpledll\simpledll\test.c(44): error C2065: 'ps' : undeclared identifier
1>c:\users\dell inspiron\documents\visual studio 2010\projects\simpledll\simpledll\test.c(45): error C2275: 'RECT' : illegal use of this type as an expression
1>          c:\program files (x86)\microsoft sdks\windows\v7.0a\include\windef.h(325) : see declaration of 'RECT'
1>c:\users\dell inspiron\documents\visual studio 2010\projects\simpledll\simpledll\test.c(45): error C2146: syntax error : missing ';' before identifier 'rect'
1>c:\users\dell inspiron\documents\visual studio 2010\projects\simpledll\simpledll\test.c(45): error C2065: 'rect' : undeclared identifier
1>c:\users\dell inspiron\documents\visual studio 2010\projects\simpledll\simpledll\test.c(47): error C2065: 'message' : undeclared identifier
1>c:\users\dell inspiron\documents\visual studio 2010\projects\simpledll\simpledll\test.c(50): error C2065: 'hdc' : undeclared identifier
1>c:\users\dell inspiron\documents\visual studio 2010\projects\simpledll\simpledll\test.c(50): error C2065: 'hwnd' : undeclared identifier
1>c:\users\dell inspiron\documents\visual studio 2010\projects\simpledll\simpledll\test.c(50): warning C4047: 'function' : 'HWND' differs in levels of indirection from 'int'
1>c:\users\dell inspiron\documents\visual studio 2010\projects\simpledll\simpledll\test.c(50): warning C4024: 'BeginPaint' : different types for formal and actual parameter 1
1>c:\users\dell inspiron\documents\visual studio 2010\projects\simpledll\simpledll\test.c(50): error C2065: 'ps' : undeclared identifier
1>c:\users\dell inspiron\documents\visual studio 2010\projects\simpledll\simpledll\test.c(50): warning C4133: 'function' : incompatible types - from 'int *' to 'LPPAINTSTRUCT'
1>c:\users\dell inspiron\documents\visual studio 2010\projects\simpledll\simpledll\test.c(50): warning C4047: '=' : 'int' differs in levels of indirection from 'HDC'
1>c:\users\dell inspiron\documents\visual studio 2010\projects\simpledll\simpledll\test.c(52): error C2065: 'hwnd' : undeclared identifier
1>c:\users\dell inspiron\documents\visual studio 2010\projects\simpledll\simpledll\test.c(52): warning C4047: 'function' : 'HWND' differs in levels of indirection from 'int'
1>c:\users\dell inspiron\documents\visual studio 2010\projects\simpledll\simpledll\test.c(52): warning C4024: 'GetClientRect' : different types for formal and actual parameter 1
1>c:\users\dell inspiron\documents\visual studio 2010\projects\simpledll\simpledll\test.c(52): error C2065: 'rect' : undeclared identifier
1>c:\users\dell inspiron\documents\visual studio 2010\projects\simpledll\simpledll\test.c(52): warning C4133: 'function' : incompatible types - from 'int *' to 'LPRECT'
1>c:\users\dell inspiron\documents\visual studio 2010\projects\simpledll\simpledll\test.c(54): error C2065: 'hdc' : undeclared identifier
1>c:\users\dell inspiron\documents\visual studio 2010\projects\simpledll\simpledll\test.c(54): error C2146: syntax error : missing ')' before identifier 'hdc'
1>c:\users\dell inspiron\documents\visual studio 2010\projects\simpledll\simpledll\test.c(54): error C2059: syntax error : ')'
1>c:\users\dell inspiron\documents\visual studio 2010\projects\simpledll\simpledll\test.c(56): error C2065: 'hwnd' : undeclared identifier
1>c:\users\dell inspiron\documents\visual studio 2010\projects\simpledll\simpledll\test.c(56): warning C4047: 'function' : 'HWND' differs in levels of indirection from 'int'
1>c:\users\dell inspiron\documents\visual studio 2010\projects\simpledll\simpledll\test.c(56): warning C4024: 'EndPaint' : different types for formal and actual parameter 1
1>c:\users\dell inspiron\documents\visual studio 2010\projects\simpledll\simpledll\test.c(56): error C2065: 'ps' : undeclared identifier
1>c:\users\dell inspiron\documents\visual studio 2010\projects\simpledll\simpledll\test.c(56): warning C4133: 'function' : incompatible types - from 'int *' to 'const PAINTSTRUCT *'
1>c:\users\dell inspiron\documents\visual studio 2010\projects\simpledll\simpledll\test.c(63): error C2065: 'hwnd' : undeclared identifier
1>c:\users\dell inspiron\documents\visual studio 2010\projects\simpledll\simpledll\test.c(63): warning C4047: 'function' : 'HWND' differs in levels of indirection from 'int'
1>c:\users\dell inspiron\documents\visual studio 2010\projects\simpledll\simpledll\test.c(63): warning C4024: 'DefWindowProcA' : different types for formal and actual parameter 1
1>c:\users\dell inspiron\documents\visual studio 2010\projects\simpledll\simpledll\test.c(63): error C2065: 'message' : undeclared identifier
1>c:\users\dell inspiron\documents\visual studio 2010\projects\simpledll\simpledll\test.c(63): error C2065: 'wParam' : undeclared identifier
1>c:\users\dell inspiron\documents\visual studio 2010\projects\simpledll\simpledll\test.c(63): error C2065: 'lParam' : undeclared identifier
1>  simpledll.c
1>c:\users\dell inspiron\documents\visual studio 2010\projects\simpledll\simpledll\simpledll.h(23): warning C4005: 'export' : macro redefinition
1>          c:\users\dell inspiron\documents\visual studio 2010\projects\simpledll\simpledll\simpledll.h(11) : see previous definition of 'export'
1>c:\users\dell inspiron\documents\visual studio 2010\projects\simpledll\simpledll\simpledll.h(24): warning C4005: 'export' : macro redefinition
1>          c:\users\dell inspiron\documents\visual studio 2010\projects\simpledll\simpledll\simpledll.h(23) : see previous definition of 'export'
1>c:\users\dell inspiron\documents\visual studio 2010\projects\simpledll\simpledll\simpledll.h(73): warning C4005: 'export' : macro redefinition
1>          c:\users\dell inspiron\documents\visual studio 2010\projects\simpledll\simpledll\simpledll.h(24) : see previous definition of 'export'
1>c:\users\dell inspiron\documents\visual studio 2010\projects\simpledll\simpledll\simpledll.h(78): warning C4005: 'int' : macro redefinition
1>          c:\users\dell inspiron\documents\visual studio 2010\projects\simpledll\simpledll\simpledll.h(21) : see previous definition of 'int'
1>c:\users\dell inspiron\documents\visual studio 2010\projects\simpledll\simpledll\simpledll.c(5): error C2143: syntax error : missing '{' before '__stdcall'
1>c:\users\dell inspiron\documents\visual studio 2010\projects\simpledll\simpledll\simpledll.c(5): error C2146: syntax error : missing ')' before identifier 'hInstance'
1>c:\users\dell inspiron\documents\visual studio 2010\projects\simpledll\simpledll\simpledll.c(5): error C2061: syntax error : identifier 'hInstance'
1>c:\users\dell inspiron\documents\visual studio 2010\projects\simpledll\simpledll\simpledll.c(5): error C2059: syntax error : ';'
1>c:\users\dell inspiron\documents\visual studio 2010\projects\simpledll\simpledll\simpledll.c(5): error C2059: syntax error : ','
1>c:\users\dell inspiron\documents\visual studio 2010\projects\simpledll\simpledll\simpledll.c(5): error C2059: syntax error : ')'
1>c:\users\dell inspiron\documents\visual studio 2010\projects\simpledll\simpledll\simpledll.c(9): error C2059: syntax error : '('
1>c:\users\dell inspiron\documents\visual studio 2010\projects\simpledll\simpledll\simpledll.c(14): warning C4002: too many actual parameters for macro 'GetTextExtentPoint32A'
1>c:\users\dell inspiron\documents\visual studio 2010\projects\simpledll\simpledll\simpledll.c(15): warning C4002: too many actual parameters for macro 'prc'
1>c:\users\dell inspiron\documents\visual studio 2010\projects\simpledll\simpledll\simpledll.c(15): warning C4002: too many actual parameters for macro 'prc'
1>c:\users\dell inspiron\documents\visual studio 2010\projects\simpledll\simpledll\simpledll.c(15): warning C4002: too many actual parameters for macro 'prc'
1>c:\users\dell inspiron\documents\visual studio 2010\projects\simpledll\simpledll\simpledll.c(15): warning C4002: too many actual parameters for macro 'prc'
1>c:\users\dell inspiron\documents\visual studio 2010\projects\simpledll\simpledll\simpledll.c(16): fatal error C1903: unable to recover from previous error(s); stopping compilation
1>  Generating Code...
1>
1>Build FAILED.
1>
1>Time Elapsed 00:00:02.60
========== Build: 0 succeeded, 1 failed, 0 up-to-date, 0 skipped ==========



1>------ Build started: Project: simpledll, Configuration: Debug Win32 ------
1>Build started 28-04-2014 22:48:44.
1>InitializeBuildStatus:
1>  Touching "Debug\simpledll.unsuccessfulbuild".
1>ClCompile:
1>  test.c
1>c:\users\dell inspiron\documents\visual studio 2010\projects\simpledll\simpledll\simpledll.h(23): warning C4005: 'export' : macro redefinition
1>          c:\users\dell inspiron\documents\visual studio 2010\projects\simpledll\simpledll\simpledll.h(11) : see previous definition of 'export'
1>c:\users\dell inspiron\documents\visual studio 2010\projects\simpledll\simpledll\simpledll.h(24): warning C4005: 'export' : macro redefinition
1>          c:\users\dell inspiron\documents\visual studio 2010\projects\simpledll\simpledll\simpledll.h(23) : see previous definition of 'export'
1>c:\users\dell inspiron\documents\visual studio 2010\projects\simpledll\simpledll\simpledll.h(69): warning C4005: 'export' : macro redefinition
1>          c:\users\dell inspiron\documents\visual studio 2010\projects\simpledll\simpledll\simpledll.h(24) : see previous definition of 'export'
1>c:\users\dell inspiron\documents\visual studio 2010\projects\simpledll\simpledll\simpledll.h(74): warning C4005: 'int' : macro redefinition
1>          c:\users\dell inspiron\documents\visual studio 2010\projects\simpledll\simpledll\simpledll.h(21) : see previous definition of 'int'
1>c:\users\dell inspiron\documents\visual studio 2010\projects\simpledll\simpledll\simpledll.h(76): error C2059: syntax error : 'constant'
1>c:\users\dell inspiron\documents\visual studio 2010\projects\simpledll\simpledll\simpledll.h(85): error C2010: '|' : unexpected in macro formal parameter list
1>c:\users\dell inspiron\documents\visual studio 2010\projects\simpledll\simpledll\test.c(3): error C2143: syntax error : missing '{' before '__stdcall'
1>c:\users\dell inspiron\documents\visual studio 2010\projects\simpledll\simpledll\test.c(3): error C2146: syntax error : missing ')' before identifier 'hInstance'
1>c:\users\dell inspiron\documents\visual studio 2010\projects\simpledll\simpledll\test.c(3): error C2061: syntax error : identifier 'hInstance'
1>c:\users\dell inspiron\documents\visual studio 2010\projects\simpledll\simpledll\test.c(3): error C2059: syntax error : ';'
1>c:\users\dell inspiron\documents\visual studio 2010\projects\simpledll\simpledll\test.c(3): error C2059: syntax error : ','
1>c:\users\dell inspiron\documents\visual studio 2010\projects\simpledll\simpledll\test.c(3): error C2059: syntax error : ')'
1>c:\users\dell inspiron\documents\visual studio 2010\projects\simpledll\simpledll\test.c(23): warning C4003: not enough actual parameters for macro 'CreateWindowA'
1>c:\users\dell inspiron\documents\visual studio 2010\projects\simpledll\simpledll\test.c(29): warning C4003: not enough actual parameters for macro 'CreateWindowA'
1>c:\users\dell inspiron\documents\visual studio 2010\projects\simpledll\simpledll\test.c(30): warning C4003: not enough actual parameters for macro 'CreateWindowA'
1>c:\users\dell inspiron\documents\visual studio 2010\projects\simpledll\simpledll\test.c(41): warning C4003: not enough actual parameters for macro 'CreateWindowA'
1>c:\users\dell inspiron\documents\visual studio 2010\projects\simpledll\simpledll\test.c(41): fatal error C1903: unable to recover from previous error(s); stopping compilation
1>  simpledll.c
1>c:\users\dell inspiron\documents\visual studio 2010\projects\simpledll\simpledll\simpledll.h(23): warning C4005: 'export' : macro redefinition
1>          c:\users\dell inspiron\documents\visual studio 2010\projects\simpledll\simpledll\simpledll.h(11) : see previous definition of 'export'
1>c:\users\dell inspiron\documents\visual studio 2010\projects\simpledll\simpledll\simpledll.h(24): warning C4005: 'export' : macro redefinition
1>          c:\users\dell inspiron\documents\visual studio 2010\projects\simpledll\simpledll\simpledll.h(23) : see previous definition of 'export'
1>c:\users\dell inspiron\documents\visual studio 2010\projects\simpledll\simpledll\simpledll.h(69): warning C4005: 'export' : macro redefinition
1>          c:\users\dell inspiron\documents\visual studio 2010\projects\simpledll\simpledll\simpledll.h(24) : see previous definition of 'export'
1>c:\users\dell inspiron\documents\visual studio 2010\projects\simpledll\simpledll\simpledll.h(74): warning C4005: 'int' : macro redefinition
1>          c:\users\dell inspiron\documents\visual studio 2010\projects\simpledll\simpledll\simpledll.h(21) : see previous definition of 'int'
1>c:\users\dell inspiron\documents\visual studio 2010\projects\simpledll\simpledll\simpledll.h(76): error C2059: syntax error : 'constant'
1>c:\users\dell inspiron\documents\visual studio 2010\projects\simpledll\simpledll\simpledll.h(85): error C2010: '|' : unexpected in macro formal parameter list
1>c:\users\dell inspiron\documents\visual studio 2010\projects\simpledll\simpledll\simpledll.c(5): error C2143: syntax error : missing '{' before '__stdcall'
1>c:\users\dell inspiron\documents\visual studio 2010\projects\simpledll\simpledll\simpledll.c(5): error C2146: syntax error : missing ')' before identifier 'hInstance'
1>c:\users\dell inspiron\documents\visual studio 2010\projects\simpledll\simpledll\simpledll.c(5): error C2061: syntax error : identifier 'hInstance'
1>c:\users\dell inspiron\documents\visual studio 2010\projects\simpledll\simpledll\simpledll.c(5): error C2059: syntax error : ';'
1>c:\users\dell inspiron\documents\visual studio 2010\projects\simpledll\simpledll\simpledll.c(5): error C2059: syntax error : ','
1>c:\users\dell inspiron\documents\visual studio 2010\projects\simpledll\simpledll\simpledll.c(5): error C2059: syntax error : ')'
1>c:\users\dell inspiron\documents\visual studio 2010\projects\simpledll\simpledll\simpledll.c(9): warning C4003: not enough actual parameters for macro 'CreateWindowA'
1>c:\users\dell inspiron\documents\visual studio 2010\projects\simpledll\simpledll\simpledll.c(9): fatal error C1903: unable to recover from previous error(s); stopping compilation
1>  Generating Code...
1>
1>Build FAILED.
1>
1>Time Elapsed 00:00:02.63
========== Build: 0 succeeded, 1 failed, 0 up-to-date, 0 skipped ==========



1>------ Build started: Project: simpledll, Configuration: Debug Win32 ------
1>Build started 28-04-2014 22:34:42.
1>InitializeBuildStatus:
1>  Touching "Debug\simpledll.unsuccessfulbuild".
1>ClCompile:
1>  test.c
1>c:\users\dell inspiron\documents\visual studio 2010\projects\simpledll\simpledll\simpledll.h(20): warning C4005: 'export' : macro redefinition
1>          c:\users\dell inspiron\documents\visual studio 2010\projects\simpledll\simpledll\simpledll.h(11) : see previous definition of 'export'
1>c:\users\dell inspiron\documents\visual studio 2010\projects\simpledll\simpledll\simpledll.h(21): warning C4005: 'export' : macro redefinition
1>          c:\users\dell inspiron\documents\visual studio 2010\projects\simpledll\simpledll\simpledll.h(20) : see previous definition of 'export'
1>c:\users\dell inspiron\documents\visual studio 2010\projects\simpledll\simpledll\simpledll.h(40): warning C4002: too many actual parameters for macro 'prc'
1>c:\users\dell inspiron\documents\visual studio 2010\projects\simpledll\simpledll\simpledll.h(40): error C2059: syntax error : ','
1>c:\users\dell inspiron\documents\visual studio 2010\projects\simpledll\simpledll\simpledll.h(40): error C2143: syntax error : missing ')' before '/'
1>c:\users\dell inspiron\documents\visual studio 2010\projects\simpledll\simpledll\simpledll.h(40): error C2143: syntax error : missing '{' before '/'
1>c:\users\dell inspiron\documents\visual studio 2010\projects\simpledll\simpledll\simpledll.h(40): error C2059: syntax error : '/'
1>c:\users\dell inspiron\documents\visual studio 2010\projects\simpledll\simpledll\simpledll.h(40): warning C4002: too many actual parameters for macro 'prc'
1>c:\users\dell inspiron\documents\visual studio 2010\projects\simpledll\simpledll\simpledll.h(40): error C2059: syntax error : ')'
1>c:\users\dell inspiron\documents\visual studio 2010\projects\simpledll\simpledll\simpledll.h(43): warning C4002: too many actual parameters for macro 'prc'
1>c:\users\dell inspiron\documents\visual studio 2010\projects\simpledll\simpledll\simpledll.h(43): error C2059: syntax error : ','
1>c:\users\dell inspiron\documents\visual studio 2010\projects\simpledll\simpledll\simpledll.h(43): error C2143: syntax error : missing ')' before '/'
1>c:\users\dell inspiron\documents\visual studio 2010\projects\simpledll\simpledll\simpledll.h(43): error C2143: syntax error : missing '{' before '/'
1>c:\users\dell inspiron\documents\visual studio 2010\projects\simpledll\simpledll\simpledll.h(43): error C2059: syntax error : '/'
1>c:\users\dell inspiron\documents\visual studio 2010\projects\simpledll\simpledll\simpledll.h(43): warning C4002: too many actual parameters for macro 'prc'
1>c:\users\dell inspiron\documents\visual studio 2010\projects\simpledll\simpledll\simpledll.h(43): error C2059: syntax error : ')'
1>c:\users\dell inspiron\documents\visual studio 2010\projects\simpledll\simpledll\simpledll.h(54): error C2010: 'h' : unexpected in macro formal parameter list
1>c:\users\dell inspiron\documents\visual studio 2010\projects\simpledll\simpledll\simpledll.h(54): error C2010: 'l' : unexpected in macro formal parameter list
1>c:\users\dell inspiron\documents\visual studio 2010\projects\simpledll\simpledll\simpledll.h(54): error C2010: 'i' : unexpected in macro formal parameter list
1>c:\users\dell inspiron\documents\visual studio 2010\projects\simpledll\simpledll\simpledll.h(54): error C2010: 'l' : unexpected in macro formal parameter list
1>c:\users\dell inspiron\documents\visual studio 2010\projects\simpledll\simpledll\simpledll.h(57): error C2010: 'h' : unexpected in macro formal parameter list
1>c:\users\dell inspiron\documents\visual studio 2010\projects\simpledll\simpledll\simpledll.h(57): error C2010: 'l' : unexpected in macro formal parameter list
1>c:\users\dell inspiron\documents\visual studio 2010\projects\simpledll\simpledll\simpledll.h(57): error C2010: 'i' : unexpected in macro formal parameter list
1>c:\users\dell inspiron\documents\visual studio 2010\projects\simpledll\simpledll\simpledll.h(57): error C2010: 'l' : unexpected in macro formal parameter list
1>c:\users\dell inspiron\documents\visual studio 2010\projects\simpledll\simpledll\simpledll.h(66): warning C4005: 'export' : macro redefinition
1>          c:\users\dell inspiron\documents\visual studio 2010\projects\simpledll\simpledll\simpledll.h(21) : see previous definition of 'export'
1>c:\users\dell inspiron\documents\visual studio 2010\projects\simpledll\simpledll\simpledll.h(73): error C2059: syntax error : 'constant'
1>c:\users\dell inspiron\documents\visual studio 2010\projects\simpledll\simpledll\test.c(3): error C2143: syntax error : missing '{' before '__stdcall'
1>c:\users\dell inspiron\documents\visual studio 2010\projects\simpledll\simpledll\test.c(3): error C2146: syntax error : missing ')' before identifier 'hInstance'
1>c:\users\dell inspiron\documents\visual studio 2010\projects\simpledll\simpledll\test.c(3): error C2061: syntax error : identifier 'hInstance'
1>c:\users\dell inspiron\documents\visual studio 2010\projects\simpledll\simpledll\test.c(3): error C2059: syntax error : ';'
1>c:\users\dell inspiron\documents\visual studio 2010\projects\simpledll\simpledll\test.c(3): error C2059: syntax error : ','
1>c:\users\dell inspiron\documents\visual studio 2010\projects\simpledll\simpledll\test.c(3): error C2059: syntax error : ')'
1>c:\users\dell inspiron\documents\visual studio 2010\projects\simpledll\simpledll\test.c(23): warning C4003: not enough actual parameters for macro 'CreateWindowA'
1>c:\users\dell inspiron\documents\visual studio 2010\projects\simpledll\simpledll\test.c(29): warning C4003: not enough actual parameters for macro 'CreateWindowA'
1>c:\users\dell inspiron\documents\visual studio 2010\projects\simpledll\simpledll\test.c(30): warning C4003: not enough actual parameters for macro 'CreateWindowA'
1>c:\users\dell inspiron\documents\visual studio 2010\projects\simpledll\simpledll\test.c(41): warning C4003: not enough actual parameters for macro 'CreateWindowA'
1>c:\users\dell inspiron\documents\visual studio 2010\projects\simpledll\simpledll\test.c(41): fatal error C1903: unable to recover from previous error(s); stopping compilation
1>  simpledll.c
1>c:\users\dell inspiron\documents\visual studio 2010\projects\simpledll\simpledll\simpledll.h(20): warning C4005: 'export' : macro redefinition
1>          c:\users\dell inspiron\documents\visual studio 2010\projects\simpledll\simpledll\simpledll.h(11) : see previous definition of 'export'
1>c:\users\dell inspiron\documents\visual studio 2010\projects\simpledll\simpledll\simpledll.h(21): warning C4005: 'export' : macro redefinition
1>          c:\users\dell inspiron\documents\visual studio 2010\projects\simpledll\simpledll\simpledll.h(20) : see previous definition of 'export'
1>c:\users\dell inspiron\documents\visual studio 2010\projects\simpledll\simpledll\simpledll.h(40): warning C4002: too many actual parameters for macro 'prc'
1>c:\users\dell inspiron\documents\visual studio 2010\projects\simpledll\simpledll\simpledll.h(40): error C2059: syntax error : ','
1>c:\users\dell inspiron\documents\visual studio 2010\projects\simpledll\simpledll\simpledll.h(40): error C2143: syntax error : missing ')' before '/'
1>c:\users\dell inspiron\documents\visual studio 2010\projects\simpledll\simpledll\simpledll.h(40): error C2143: syntax error : missing '{' before '/'
1>c:\users\dell inspiron\documents\visual studio 2010\projects\simpledll\simpledll\simpledll.h(40): error C2059: syntax error : '/'
1>c:\users\dell inspiron\documents\visual studio 2010\projects\simpledll\simpledll\simpledll.h(40): warning C4002: too many actual parameters for macro 'prc'
1>c:\users\dell inspiron\documents\visual studio 2010\projects\simpledll\simpledll\simpledll.h(40): error C2059: syntax error : ')'
1>c:\users\dell inspiron\documents\visual studio 2010\projects\simpledll\simpledll\simpledll.h(43): warning C4002: too many actual parameters for macro 'prc'
1>c:\users\dell inspiron\documents\visual studio 2010\projects\simpledll\simpledll\simpledll.h(43): error C2059: syntax error : ','
1>c:\users\dell inspiron\documents\visual studio 2010\projects\simpledll\simpledll\simpledll.h(43): error C2143: syntax error : missing ')' before '/'
1>c:\users\dell inspiron\documents\visual studio 2010\projects\simpledll\simpledll\simpledll.h(43): error C2143: syntax error : missing '{' before '/'
1>c:\users\dell inspiron\documents\visual studio 2010\projects\simpledll\simpledll\simpledll.h(43): error C2059: syntax error : '/'
1>c:\users\dell inspiron\documents\visual studio 2010\projects\simpledll\simpledll\simpledll.h(43): warning C4002: too many actual parameters for macro 'prc'
1>c:\users\dell inspiron\documents\visual studio 2010\projects\simpledll\simpledll\simpledll.h(43): error C2059: syntax error : ')'
1>c:\users\dell inspiron\documents\visual studio 2010\projects\simpledll\simpledll\simpledll.h(54): error C2010: 'h' : unexpected in macro formal parameter list
1>c:\users\dell inspiron\documents\visual studio 2010\projects\simpledll\simpledll\simpledll.h(54): error C2010: 'l' : unexpected in macro formal parameter list
1>c:\users\dell inspiron\documents\visual studio 2010\projects\simpledll\simpledll\simpledll.h(54): error C2010: 'i' : unexpected in macro formal parameter list
1>c:\users\dell inspiron\documents\visual studio 2010\projects\simpledll\simpledll\simpledll.h(54): error C2010: 'l' : unexpected in macro formal parameter list
1>c:\users\dell inspiron\documents\visual studio 2010\projects\simpledll\simpledll\simpledll.h(57): error C2010: 'h' : unexpected in macro formal parameter list
1>c:\users\dell inspiron\documents\visual studio 2010\projects\simpledll\simpledll\simpledll.h(57): error C2010: 'l' : unexpected in macro formal parameter list
1>c:\users\dell inspiron\documents\visual studio 2010\projects\simpledll\simpledll\simpledll.h(57): error C2010: 'i' : unexpected in macro formal parameter list
1>c:\users\dell inspiron\documents\visual studio 2010\projects\simpledll\simpledll\simpledll.h(57): error C2010: 'l' : unexpected in macro formal parameter list
1>c:\users\dell inspiron\documents\visual studio 2010\projects\simpledll\simpledll\simpledll.h(66): warning C4005: 'export' : macro redefinition
1>          c:\users\dell inspiron\documents\visual studio 2010\projects\simpledll\simpledll\simpledll.h(21) : see previous definition of 'export'
1>c:\users\dell inspiron\documents\visual studio 2010\projects\simpledll\simpledll\simpledll.h(73): error C2059: syntax error : 'constant'
1>c:\users\dell inspiron\documents\visual studio 2010\projects\simpledll\simpledll\simpledll.c(5): error C2143: syntax error : missing '{' before '__stdcall'
1>c:\users\dell inspiron\documents\visual studio 2010\projects\simpledll\simpledll\simpledll.c(5): error C2146: syntax error : missing ')' before identifier 'hInstance'
1>c:\users\dell inspiron\documents\visual studio 2010\projects\simpledll\simpledll\simpledll.c(5): error C2061: syntax error : identifier 'hInstance'
1>c:\users\dell inspiron\documents\visual studio 2010\projects\simpledll\simpledll\simpledll.c(5): error C2059: syntax error : ';'
1>c:\users\dell inspiron\documents\visual studio 2010\projects\simpledll\simpledll\simpledll.c(5): error C2059: syntax error : ','
1>c:\users\dell inspiron\documents\visual studio 2010\projects\simpledll\simpledll\simpledll.c(5): error C2059: syntax error : ')'
1>c:\users\dell inspiron\documents\visual studio 2010\projects\simpledll\simpledll\simpledll.c(9): warning C4003: not enough actual parameters for macro 'CreateWindowA'
1>c:\users\dell inspiron\documents\visual studio 2010\projects\simpledll\simpledll\simpledll.c(9): fatal error C1903: unable to recover from previous error(s); stopping compilation
1>  Generating Code...
1>
1>Build FAILED.
1>
1>Time Elapsed 00:00:02.83
========== Build: 0 succeeded, 1 failed, 0 up-to-date, 0 skipped ==========



1>------ Build started: Project: simpledll, Configuration: Debug Win32 ------
1>Build started 28-04-2014 22:23:40.
1>InitializeBuildStatus:
1>  Touching "Debug\simpledll.unsuccessfulbuild".
1>ClCompile:
1>  test.c
1>c:\users\dell inspiron\documents\visual studio 2010\projects\simpledll\simpledll\simpledll.h(18): warning C4005: 'export' : macro redefinition
1>          c:\users\dell inspiron\documents\visual studio 2010\projects\simpledll\simpledll\simpledll.h(11) : see previous definition of 'export'
1>c:\users\dell inspiron\documents\visual studio 2010\projects\simpledll\simpledll\simpledll.h(19): warning C4005: 'export' : macro redefinition
1>          c:\users\dell inspiron\documents\visual studio 2010\projects\simpledll\simpledll\simpledll.h(18) : see previous definition of 'export'
1>c:\users\dell inspiron\documents\visual studio 2010\projects\simpledll\simpledll\simpledll.h(40): error C2010: 'h' : unexpected in macro formal parameter list
1>c:\users\dell inspiron\documents\visual studio 2010\projects\simpledll\simpledll\simpledll.h(40): error C2010: 'l' : unexpected in macro formal parameter list
1>c:\users\dell inspiron\documents\visual studio 2010\projects\simpledll\simpledll\simpledll.h(40): error C2010: 'i' : unexpected in macro formal parameter list
1>c:\users\dell inspiron\documents\visual studio 2010\projects\simpledll\simpledll\simpledll.h(40): error C2010: 'l' : unexpected in macro formal parameter list
1>c:\users\dell inspiron\documents\visual studio 2010\projects\simpledll\simpledll\simpledll.h(43): error C2010: 'h' : unexpected in macro formal parameter list
1>c:\users\dell inspiron\documents\visual studio 2010\projects\simpledll\simpledll\simpledll.h(43): error C2010: 'l' : unexpected in macro formal parameter list
1>c:\users\dell inspiron\documents\visual studio 2010\projects\simpledll\simpledll\simpledll.h(43): error C2010: 'i' : unexpected in macro formal parameter list
1>c:\users\dell inspiron\documents\visual studio 2010\projects\simpledll\simpledll\simpledll.h(43): error C2010: 'l' : unexpected in macro formal parameter list
1>c:\users\dell inspiron\documents\visual studio 2010\projects\simpledll\simpledll\simpledll.h(56): warning C4002: too many actual parameters for macro 'prc'
1>c:\users\dell inspiron\documents\visual studio 2010\projects\simpledll\simpledll\simpledll.h(56): error C2059: syntax error : ','
1>c:\users\dell inspiron\documents\visual studio 2010\projects\simpledll\simpledll\simpledll.h(56): error C2143: syntax error : missing ')' before '/'
1>c:\users\dell inspiron\documents\visual studio 2010\projects\simpledll\simpledll\simpledll.h(56): error C2143: syntax error : missing '{' before '/'
1>c:\users\dell inspiron\documents\visual studio 2010\projects\simpledll\simpledll\simpledll.h(56): error C2059: syntax error : '/'
1>c:\users\dell inspiron\documents\visual studio 2010\projects\simpledll\simpledll\simpledll.h(56): warning C4002: too many actual parameters for macro 'prc'
1>c:\users\dell inspiron\documents\visual studio 2010\projects\simpledll\simpledll\simpledll.h(56): error C2059: syntax error : ')'
1>c:\users\dell inspiron\documents\visual studio 2010\projects\simpledll\simpledll\simpledll.h(59): warning C4002: too many actual parameters for macro 'prc'
1>c:\users\dell inspiron\documents\visual studio 2010\projects\simpledll\simpledll\simpledll.h(59): error C2059: syntax error : ','
1>c:\users\dell inspiron\documents\visual studio 2010\projects\simpledll\simpledll\simpledll.h(59): error C2143: syntax error : missing ')' before '/'
1>c:\users\dell inspiron\documents\visual studio 2010\projects\simpledll\simpledll\simpledll.h(59): error C2143: syntax error : missing '{' before '/'
1>c:\users\dell inspiron\documents\visual studio 2010\projects\simpledll\simpledll\simpledll.h(59): error C2059: syntax error : '/'
1>c:\users\dell inspiron\documents\visual studio 2010\projects\simpledll\simpledll\simpledll.h(59): warning C4002: too many actual parameters for macro 'prc'
1>c:\users\dell inspiron\documents\visual studio 2010\projects\simpledll\simpledll\simpledll.h(59): error C2059: syntax error : ')'
1>c:\users\dell inspiron\documents\visual studio 2010\projects\simpledll\simpledll\simpledll.h(67): warning C4005: 'export' : macro redefinition
1>          c:\users\dell inspiron\documents\visual studio 2010\projects\simpledll\simpledll\simpledll.h(19) : see previous definition of 'export'
1>c:\users\dell inspiron\documents\visual studio 2010\projects\simpledll\simpledll\simpledll.h(73): error C2008: '.' : unexpected in macro definition
1>c:\users\dell inspiron\documents\visual studio 2010\projects\simpledll\simpledll\simpledll.h(74): error C2008: '.' : unexpected in macro definition
1>c:\users\dell inspiron\documents\visual studio 2010\projects\simpledll\simpledll\simpledll.h(74): warning C4005: 'wndclass' : macro redefinition
1>          c:\users\dell inspiron\documents\visual studio 2010\projects\simpledll\simpledll\simpledll.h(73) : see previous definition of 'wndclass'
1>c:\users\dell inspiron\documents\visual studio 2010\projects\simpledll\simpledll\simpledll.h(75): error C2008: '.' : unexpected in macro definition
1>c:\users\dell inspiron\documents\visual studio 2010\projects\simpledll\simpledll\simpledll.h(75): warning C4005: 'wndclass' : macro redefinition
1>          c:\users\dell inspiron\documents\visual studio 2010\projects\simpledll\simpledll\simpledll.h(74) : see previous definition of 'wndclass'
1>c:\users\dell inspiron\documents\visual studio 2010\projects\simpledll\simpledll\simpledll.h(76): error C2008: '.' : unexpected in macro definition
1>c:\users\dell inspiron\documents\visual studio 2010\projects\simpledll\simpledll\simpledll.h(76): warning C4005: 'wndclass' : macro redefinition
1>          c:\users\dell inspiron\documents\visual studio 2010\projects\simpledll\simpledll\simpledll.h(75) : see previous definition of 'wndclass'
1>c:\users\dell inspiron\documents\visual studio 2010\projects\simpledll\simpledll\simpledll.h(77): error C2008: '.' : unexpected in macro definition
1>c:\users\dell inspiron\documents\visual studio 2010\projects\simpledll\simpledll\simpledll.h(77): warning C4005: 'wndclass' : macro redefinition
1>          c:\users\dell inspiron\documents\visual studio 2010\projects\simpledll\simpledll\simpledll.h(76) : see previous definition of 'wndclass'
1>c:\users\dell inspiron\documents\visual studio 2010\projects\simpledll\simpledll\simpledll.h(78): error C2008: '.' : unexpected in macro definition
1>c:\users\dell inspiron\documents\visual studio 2010\projects\simpledll\simpledll\simpledll.h(78): warning C4005: 'wndclass' : macro redefinition
1>          c:\users\dell inspiron\documents\visual studio 2010\projects\simpledll\simpledll\simpledll.h(77) : see previous definition of 'wndclass'
1>c:\users\dell inspiron\documents\visual studio 2010\projects\simpledll\simpledll\simpledll.h(79): error C2008: '.' : unexpected in macro definition
1>c:\users\dell inspiron\documents\visual studio 2010\projects\simpledll\simpledll\simpledll.h(79): warning C4005: 'wndclass' : macro redefinition
1>          c:\users\dell inspiron\documents\visual studio 2010\projects\simpledll\simpledll\simpledll.h(78) : see previous definition of 'wndclass'
1>c:\users\dell inspiron\documents\visual studio 2010\projects\simpledll\simpledll\simpledll.h(80): error C2008: '.' : unexpected in macro definition
1>c:\users\dell inspiron\documents\visual studio 2010\projects\simpledll\simpledll\simpledll.h(80): warning C4005: 'wndclass' : macro redefinition
1>          c:\users\dell inspiron\documents\visual studio 2010\projects\simpledll\simpledll\simpledll.h(79) : see previous definition of 'wndclass'
1>c:\users\dell inspiron\documents\visual studio 2010\projects\simpledll\simpledll\simpledll.h(81): error C2008: '.' : unexpected in macro definition
1>c:\users\dell inspiron\documents\visual studio 2010\projects\simpledll\simpledll\simpledll.h(81): warning C4005: 'wndclass' : macro redefinition
1>          c:\users\dell inspiron\documents\visual studio 2010\projects\simpledll\simpledll\simpledll.h(80) : see previous definition of 'wndclass'
1>c:\users\dell inspiron\documents\visual studio 2010\projects\simpledll\simpledll\simpledll.h(82): error C2008: '.' : unexpected in macro definition
1>c:\users\dell inspiron\documents\visual studio 2010\projects\simpledll\simpledll\simpledll.h(82): warning C4005: 'wndclass' : macro redefinition
1>          c:\users\dell inspiron\documents\visual studio 2010\projects\simpledll\simpledll\simpledll.h(81) : see previous definition of 'wndclass'
1>c:\users\dell inspiron\documents\visual studio 2010\projects\simpledll\simpledll\test.c(3): error C2143: syntax error : missing '{' before '__stdcall'
1>c:\users\dell inspiron\documents\visual studio 2010\projects\simpledll\simpledll\test.c(3): error C2146: syntax error : missing ')' before identifier 'hInstance'
1>c:\users\dell inspiron\documents\visual studio 2010\projects\simpledll\simpledll\test.c(3): error C2061: syntax error : identifier 'hInstance'
1>c:\users\dell inspiron\documents\visual studio 2010\projects\simpledll\simpledll\test.c(3): error C2059: syntax error : ';'
1>c:\users\dell inspiron\documents\visual studio 2010\projects\simpledll\simpledll\test.c(3): error C2059: syntax error : ','
1>c:\users\dell inspiron\documents\visual studio 2010\projects\simpledll\simpledll\test.c(3): error C2059: syntax error : ')'
1>c:\users\dell inspiron\documents\visual studio 2010\projects\simpledll\simpledll\test.c(43): error C2065: 'hdc' : undeclared identifier
1>c:\users\dell inspiron\documents\visual studio 2010\projects\simpledll\simpledll\test.c(43): error C2146: syntax error : missing ';' before identifier 'hdc'
1>c:\users\dell inspiron\documents\visual studio 2010\projects\simpledll\simpledll\test.c(43): error C2065: 'hdc' : undeclared identifier
1>c:\users\dell inspiron\documents\visual studio 2010\projects\simpledll\simpledll\test.c(44): error C2275: 'PAINTSTRUCT' : illegal use of this type as an expression
1>          c:\program files (x86)\microsoft sdks\windows\v7.0a\include\winuser.h(2814) : see declaration of 'PAINTSTRUCT'
1>c:\users\dell inspiron\documents\visual studio 2010\projects\simpledll\simpledll\test.c(44): error C2146: syntax error : missing ';' before identifier 'ps'
1>c:\users\dell inspiron\documents\visual studio 2010\projects\simpledll\simpledll\test.c(44): error C2065: 'ps' : undeclared identifier
1>c:\users\dell inspiron\documents\visual studio 2010\projects\simpledll\simpledll\test.c(45): error C2275: 'RECT' : illegal use of this type as an expression
1>          c:\program files (x86)\microsoft sdks\windows\v7.0a\include\windef.h(325) : see declaration of 'RECT'
1>c:\users\dell inspiron\documents\visual studio 2010\projects\simpledll\simpledll\test.c(45): error C2146: syntax error : missing ';' before identifier 'rect'
1>c:\users\dell inspiron\documents\visual studio 2010\projects\simpledll\simpledll\test.c(45): error C2065: 'rect' : undeclared identifier
1>c:\users\dell inspiron\documents\visual studio 2010\projects\simpledll\simpledll\test.c(50): error C2065: 'hdc' : undeclared identifier
1>c:\users\dell inspiron\documents\visual studio 2010\projects\simpledll\simpledll\test.c(50): error C2065: 'ps' : undeclared identifier
1>c:\users\dell inspiron\documents\visual studio 2010\projects\simpledll\simpledll\test.c(50): warning C4133: 'function' : incompatible types - from 'int *' to 'LPPAINTSTRUCT'
1>c:\users\dell inspiron\documents\visual studio 2010\projects\simpledll\simpledll\test.c(50): warning C4047: '=' : 'int' differs in levels of indirection from 'HDC'
1>c:\users\dell inspiron\documents\visual studio 2010\projects\simpledll\simpledll\test.c(52): error C2065: 'rect' : undeclared identifier
1>c:\users\dell inspiron\documents\visual studio 2010\projects\simpledll\simpledll\test.c(52): warning C4133: 'function' : incompatible types - from 'int *' to 'LPRECT'
1>c:\users\dell inspiron\documents\visual studio 2010\projects\simpledll\simpledll\test.c(54): error C2065: 'hdc' : undeclared identifier
1>c:\users\dell inspiron\documents\visual studio 2010\projects\simpledll\simpledll\test.c(54): error C2146: syntax error : missing ')' before identifier 'hdc'
1>c:\users\dell inspiron\documents\visual studio 2010\projects\simpledll\simpledll\test.c(54): error C2059: syntax error : ')'
1>c:\users\dell inspiron\documents\visual studio 2010\projects\simpledll\simpledll\test.c(56): error C2065: 'ps' : undeclared identifier
1>c:\users\dell inspiron\documents\visual studio 2010\projects\simpledll\simpledll\test.c(56): warning C4133: 'function' : incompatible types - from 'int *' to 'const PAINTSTRUCT *'
1>  simpledll.c
1>c:\users\dell inspiron\documents\visual studio 2010\projects\simpledll\simpledll\simpledll.h(18): warning C4005: 'export' : macro redefinition
1>          c:\users\dell inspiron\documents\visual studio 2010\projects\simpledll\simpledll\simpledll.h(11) : see previous definition of 'export'
1>c:\users\dell inspiron\documents\visual studio 2010\projects\simpledll\simpledll\simpledll.h(19): warning C4005: 'export' : macro redefinition
1>          c:\users\dell inspiron\documents\visual studio 2010\projects\simpledll\simpledll\simpledll.h(18) : see previous definition of 'export'
1>c:\users\dell inspiron\documents\visual studio 2010\projects\simpledll\simpledll\simpledll.h(40): error C2010: 'h' : unexpected in macro formal parameter list
1>c:\users\dell inspiron\documents\visual studio 2010\projects\simpledll\simpledll\simpledll.h(40): error C2010: 'l' : unexpected in macro formal parameter list
1>c:\users\dell inspiron\documents\visual studio 2010\projects\simpledll\simpledll\simpledll.h(40): error C2010: 'i' : unexpected in macro formal parameter list
1>c:\users\dell inspiron\documents\visual studio 2010\projects\simpledll\simpledll\simpledll.h(40): error C2010: 'l' : unexpected in macro formal parameter list
1>c:\users\dell inspiron\documents\visual studio 2010\projects\simpledll\simpledll\simpledll.h(43): error C2010: 'h' : unexpected in macro formal parameter list
1>c:\users\dell inspiron\documents\visual studio 2010\projects\simpledll\simpledll\simpledll.h(43): error C2010: 'l' : unexpected in macro formal parameter list
1>c:\users\dell inspiron\documents\visual studio 2010\projects\simpledll\simpledll\simpledll.h(43): error C2010: 'i' : unexpected in macro formal parameter list
1>c:\users\dell inspiron\documents\visual studio 2010\projects\simpledll\simpledll\simpledll.h(43): error C2010: 'l' : unexpected in macro formal parameter list
1>c:\users\dell inspiron\documents\visual studio 2010\projects\simpledll\simpledll\simpledll.h(56): warning C4002: too many actual parameters for macro 'prc'
1>c:\users\dell inspiron\documents\visual studio 2010\projects\simpledll\simpledll\simpledll.h(56): error C2059: syntax error : ','
1>c:\users\dell inspiron\documents\visual studio 2010\projects\simpledll\simpledll\simpledll.h(56): error C2143: syntax error : missing ')' before '/'
1>c:\users\dell inspiron\documents\visual studio 2010\projects\simpledll\simpledll\simpledll.h(56): error C2143: syntax error : missing '{' before '/'
1>c:\users\dell inspiron\documents\visual studio 2010\projects\simpledll\simpledll\simpledll.h(56): error C2059: syntax error : '/'
1>c:\users\dell inspiron\documents\visual studio 2010\projects\simpledll\simpledll\simpledll.h(56): warning C4002: too many actual parameters for macro 'prc'
1>c:\users\dell inspiron\documents\visual studio 2010\projects\simpledll\simpledll\simpledll.h(56): error C2059: syntax error : ')'
1>c:\users\dell inspiron\documents\visual studio 2010\projects\simpledll\simpledll\simpledll.h(59): warning C4002: too many actual parameters for macro 'prc'
1>c:\users\dell inspiron\documents\visual studio 2010\projects\simpledll\simpledll\simpledll.h(59): error C2059: syntax error : ','
1>c:\users\dell inspiron\documents\visual studio 2010\projects\simpledll\simpledll\simpledll.h(59): error C2143: syntax error : missing ')' before '/'
1>c:\users\dell inspiron\documents\visual studio 2010\projects\simpledll\simpledll\simpledll.h(59): error C2143: syntax error : missing '{' before '/'
1>c:\users\dell inspiron\documents\visual studio 2010\projects\simpledll\simpledll\simpledll.h(59): error C2059: syntax error : '/'
1>c:\users\dell inspiron\documents\visual studio 2010\projects\simpledll\simpledll\simpledll.h(59): warning C4002: too many actual parameters for macro 'prc'
1>c:\users\dell inspiron\documents\visual studio 2010\projects\simpledll\simpledll\simpledll.h(59): error C2059: syntax error : ')'
1>c:\users\dell inspiron\documents\visual studio 2010\projects\simpledll\simpledll\simpledll.h(67): warning C4005: 'export' : macro redefinition
1>          c:\users\dell inspiron\documents\visual studio 2010\projects\simpledll\simpledll\simpledll.h(19) : see previous definition of 'export'
1>c:\users\dell inspiron\documents\visual studio 2010\projects\simpledll\simpledll\simpledll.h(73): error C2008: '.' : unexpected in macro definition
1>c:\users\dell inspiron\documents\visual studio 2010\projects\simpledll\simpledll\simpledll.h(74): error C2008: '.' : unexpected in macro definition
1>c:\users\dell inspiron\documents\visual studio 2010\projects\simpledll\simpledll\simpledll.h(74): warning C4005: 'wndclass' : macro redefinition
1>          c:\users\dell inspiron\documents\visual studio 2010\projects\simpledll\simpledll\simpledll.h(73) : see previous definition of 'wndclass'
1>c:\users\dell inspiron\documents\visual studio 2010\projects\simpledll\simpledll\simpledll.h(75): error C2008: '.' : unexpected in macro definition
1>c:\users\dell inspiron\documents\visual studio 2010\projects\simpledll\simpledll\simpledll.h(75): warning C4005: 'wndclass' : macro redefinition
1>          c:\users\dell inspiron\documents\visual studio 2010\projects\simpledll\simpledll\simpledll.h(74) : see previous definition of 'wndclass'
1>c:\users\dell inspiron\documents\visual studio 2010\projects\simpledll\simpledll\simpledll.h(76): error C2008: '.' : unexpected in macro definition
1>c:\users\dell inspiron\documents\visual studio 2010\projects\simpledll\simpledll\simpledll.h(76): warning C4005: 'wndclass' : macro redefinition
1>          c:\users\dell inspiron\documents\visual studio 2010\projects\simpledll\simpledll\simpledll.h(75) : see previous definition of 'wndclass'
1>c:\users\dell inspiron\documents\visual studio 2010\projects\simpledll\simpledll\simpledll.h(77): error C2008: '.' : unexpected in macro definition
1>c:\users\dell inspiron\documents\visual studio 2010\projects\simpledll\simpledll\simpledll.h(77): warning C4005: 'wndclass' : macro redefinition
1>          c:\users\dell inspiron\documents\visual studio 2010\projects\simpledll\simpledll\simpledll.h(76) : see previous definition of 'wndclass'
1>c:\users\dell inspiron\documents\visual studio 2010\projects\simpledll\simpledll\simpledll.h(78): error C2008: '.' : unexpected in macro definition
1>c:\users\dell inspiron\documents\visual studio 2010\projects\simpledll\simpledll\simpledll.h(78): warning C4005: 'wndclass' : macro redefinition
1>          c:\users\dell inspiron\documents\visual studio 2010\projects\simpledll\simpledll\simpledll.h(77) : see previous definition of 'wndclass'
1>c:\users\dell inspiron\documents\visual studio 2010\projects\simpledll\simpledll\simpledll.h(79): error C2008: '.' : unexpected in macro definition
1>c:\users\dell inspiron\documents\visual studio 2010\projects\simpledll\simpledll\simpledll.h(79): warning C4005: 'wndclass' : macro redefinition
1>          c:\users\dell inspiron\documents\visual studio 2010\projects\simpledll\simpledll\simpledll.h(78) : see previous definition of 'wndclass'
1>c:\users\dell inspiron\documents\visual studio 2010\projects\simpledll\simpledll\simpledll.h(80): error C2008: '.' : unexpected in macro definition
1>c:\users\dell inspiron\documents\visual studio 2010\projects\simpledll\simpledll\simpledll.h(80): warning C4005: 'wndclass' : macro redefinition
1>          c:\users\dell inspiron\documents\visual studio 2010\projects\simpledll\simpledll\simpledll.h(79) : see previous definition of 'wndclass'
1>c:\users\dell inspiron\documents\visual studio 2010\projects\simpledll\simpledll\simpledll.h(81): error C2008: '.' : unexpected in macro definition
1>c:\users\dell inspiron\documents\visual studio 2010\projects\simpledll\simpledll\simpledll.h(81): warning C4005: 'wndclass' : macro redefinition
1>          c:\users\dell inspiron\documents\visual studio 2010\projects\simpledll\simpledll\simpledll.h(80) : see previous definition of 'wndclass'
1>c:\users\dell inspiron\documents\visual studio 2010\projects\simpledll\simpledll\simpledll.h(82): error C2008: '.' : unexpected in macro definition
1>c:\users\dell inspiron\documents\visual studio 2010\projects\simpledll\simpledll\simpledll.h(82): warning C4005: 'wndclass' : macro redefinition
1>          c:\users\dell inspiron\documents\visual studio 2010\projects\simpledll\simpledll\simpledll.h(81) : see previous definition of 'wndclass'
1>c:\users\dell inspiron\documents\visual studio 2010\projects\simpledll\simpledll\simpledll.c(5): error C2143: syntax error : missing '{' before '__stdcall'
1>c:\users\dell inspiron\documents\visual studio 2010\projects\simpledll\simpledll\simpledll.c(5): error C2146: syntax error : missing ')' before identifier 'hInstance'
1>c:\users\dell inspiron\documents\visual studio 2010\projects\simpledll\simpledll\simpledll.c(5): error C2061: syntax error : identifier 'hInstance'
1>c:\users\dell inspiron\documents\visual studio 2010\projects\simpledll\simpledll\simpledll.c(5): error C2059: syntax error : ';'
1>c:\users\dell inspiron\documents\visual studio 2010\projects\simpledll\simpledll\simpledll.c(5): error C2059: syntax error : ','
1>c:\users\dell inspiron\documents\visual studio 2010\projects\simpledll\simpledll\simpledll.c(5): error C2059: syntax error : ')'
1>c:\users\dell inspiron\documents\visual studio 2010\projects\simpledll\simpledll\simpledll.c(9): error C2059: syntax error : '('
1>c:\users\dell inspiron\documents\visual studio 2010\projects\simpledll\simpledll\simpledll.c(15): warning C4002: too many actual parameters for macro 'prc'
1>c:\users\dell inspiron\documents\visual studio 2010\projects\simpledll\simpledll\simpledll.c(15): warning C4002: too many actual parameters for macro 'prc'
1>c:\users\dell inspiron\documents\visual studio 2010\projects\simpledll\simpledll\simpledll.c(17): error C2146: syntax error : missing ')' before identifier 'hdc'
1>c:\users\dell inspiron\documents\visual studio 2010\projects\simpledll\simpledll\simpledll.c(17): error C2061: syntax error : identifier 'hdc'
1>c:\users\dell inspiron\documents\visual studio 2010\projects\simpledll\simpledll\simpledll.c(17): error C2059: syntax error : ';'
1>c:\users\dell inspiron\documents\visual studio 2010\projects\simpledll\simpledll\simpledll.c(17): error C2059: syntax error : ','
1>c:\users\dell inspiron\documents\visual studio 2010\projects\simpledll\simpledll\simpledll.c(17): error C2059: syntax error : ')'
1>c:\users\dell inspiron\documents\visual studio 2010\projects\simpledll\simpledll\simpledll.c(23): warning C4002: too many actual parameters for macro 'prc'
1>c:\users\dell inspiron\documents\visual studio 2010\projects\simpledll\simpledll\simpledll.c(23): warning C4002: too many actual parameters for macro 'prc'
1>  Generating Code...
1>
1>Build FAILED.
1>
1>Time Elapsed 00:00:02.66
========== Build: 0 succeeded, 1 failed, 0 up-to-date, 0 skipped ==========



1>------ Build started: Project: simpledll, Configuration: Debug Win32 ------
1>Build started 28-04-2014 21:48:49.
1>InitializeBuildStatus:
1>  Touching "Debug\simpledll.unsuccessfulbuild".
1>ClCompile:
1>  test.c
1>c:\users\dell inspiron\documents\visual studio 2010\projects\simpledll\simpledll\simpledll.h(15): warning C4005: 'WINAPI' : macro redefinition
1>          c:\program files (x86)\microsoft sdks\windows\v7.0a\include\windef.h(124) : see previous definition of 'WINAPI'
1>c:\users\dell inspiron\documents\visual studio 2010\projects\simpledll\simpledll\simpledll.h(20): warning C4005: 'export' : macro redefinition
1>          c:\users\dell inspiron\documents\visual studio 2010\projects\simpledll\simpledll\simpledll.h(11) : see previous definition of 'export'
1>c:\users\dell inspiron\documents\visual studio 2010\projects\simpledll\simpledll\simpledll.h(21): warning C4005: 'export' : macro redefinition
1>          c:\users\dell inspiron\documents\visual studio 2010\projects\simpledll\simpledll\simpledll.h(20) : see previous definition of 'export'
1>c:\users\dell inspiron\documents\visual studio 2010\projects\simpledll\simpledll\simpledll.h(45): warning C4005: 'bool' : macro redefinition
1>          c:\users\dell inspiron\documents\visual studio 2010\projects\simpledll\simpledll\simpledll.h(42) : see previous definition of 'bool'
1>c:\users\dell inspiron\documents\visual studio 2010\projects\simpledll\simpledll\simpledll.h(58): warning C4002: too many actual parameters for macro 'prc'
1>c:\users\dell inspiron\documents\visual studio 2010\projects\simpledll\simpledll\simpledll.h(58): error C2059: syntax error : ','
1>c:\users\dell inspiron\documents\visual studio 2010\projects\simpledll\simpledll\simpledll.h(58): error C2143: syntax error : missing ')' before '/'
1>c:\users\dell inspiron\documents\visual studio 2010\projects\simpledll\simpledll\simpledll.h(58): error C2143: syntax error : missing '{' before '/'
1>c:\users\dell inspiron\documents\visual studio 2010\projects\simpledll\simpledll\simpledll.h(58): error C2059: syntax error : '/'
1>c:\users\dell inspiron\documents\visual studio 2010\projects\simpledll\simpledll\simpledll.h(58): warning C4002: too many actual parameters for macro 'prc'
1>c:\users\dell inspiron\documents\visual studio 2010\projects\simpledll\simpledll\simpledll.h(58): error C2059: syntax error : ')'
1>c:\users\dell inspiron\documents\visual studio 2010\projects\simpledll\simpledll\simpledll.h(61): warning C4002: too many actual parameters for macro 'prc'
1>c:\users\dell inspiron\documents\visual studio 2010\projects\simpledll\simpledll\simpledll.h(61): error C2059: syntax error : ','
1>c:\users\dell inspiron\documents\visual studio 2010\projects\simpledll\simpledll\simpledll.h(61): error C2143: syntax error : missing ')' before '/'
1>c:\users\dell inspiron\documents\visual studio 2010\projects\simpledll\simpledll\simpledll.h(61): error C2143: syntax error : missing '{' before '/'
1>c:\users\dell inspiron\documents\visual studio 2010\projects\simpledll\simpledll\simpledll.h(61): error C2059: syntax error : '/'
1>c:\users\dell inspiron\documents\visual studio 2010\projects\simpledll\simpledll\simpledll.h(61): warning C4002: too many actual parameters for macro 'prc'
1>c:\users\dell inspiron\documents\visual studio 2010\projects\simpledll\simpledll\simpledll.h(61): error C2059: syntax error : ')'
1>c:\users\dell inspiron\documents\visual studio 2010\projects\simpledll\simpledll\simpledll.h(67): warning C4005: 'export' : macro redefinition
1>          c:\users\dell inspiron\documents\visual studio 2010\projects\simpledll\simpledll\simpledll.h(21) : see previous definition of 'export'
1>c:\users\dell inspiron\documents\visual studio 2010\projects\simpledll\simpledll\simpledll.h(69): warning C4005: 'export' : macro redefinition
1>          c:\users\dell inspiron\documents\visual studio 2010\projects\simpledll\simpledll\simpledll.h(67) : see previous definition of 'export'
1>c:\users\dell inspiron\documents\visual studio 2010\projects\simpledll\simpledll\simpledll.h(75): warning C4005: 'HINSTANCE' : macro redefinition
1>          c:\users\dell inspiron\documents\visual studio 2010\projects\simpledll\simpledll\simpledll.h(16) : see previous definition of 'HINSTANCE'
1>c:\users\dell inspiron\documents\visual studio 2010\projects\simpledll\simpledll\test.c(3): error C2061: syntax error : identifier 'WinMain'
1>c:\users\dell inspiron\documents\visual studio 2010\projects\simpledll\simpledll\test.c(3): error C2059: syntax error : ';'
1>c:\users\dell inspiron\documents\visual studio 2010\projects\simpledll\simpledll\test.c(3): error C2146: syntax error : missing ')' before identifier 'hInstance'
1>c:\users\dell inspiron\documents\visual studio 2010\projects\simpledll\simpledll\test.c(3): error C2061: syntax error : identifier 'hInstance'
1>c:\users\dell inspiron\documents\visual studio 2010\projects\simpledll\simpledll\test.c(3): error C2059: syntax error : ','
1>c:\users\dell inspiron\documents\visual studio 2010\projects\simpledll\simpledll\test.c(3): error C2059: syntax error : ')'
1>c:\users\dell inspiron\documents\visual studio 2010\projects\simpledll\simpledll\test.c(41): error C2146: syntax error : missing ')' before identifier 'hdc'
1>c:\users\dell inspiron\documents\visual studio 2010\projects\simpledll\simpledll\test.c(41): error C2061: syntax error : identifier 'hdc'
1>c:\users\dell inspiron\documents\visual studio 2010\projects\simpledll\simpledll\test.c(41): error C2059: syntax error : ';'
1>c:\users\dell inspiron\documents\visual studio 2010\projects\simpledll\simpledll\test.c(41): error C2059: syntax error : ','
1>c:\users\dell inspiron\documents\visual studio 2010\projects\simpledll\simpledll\test.c(41): error C2059: syntax error : ')'
1>c:\users\dell inspiron\documents\visual studio 2010\projects\simpledll\simpledll\test.c(41): error C2146: syntax error : missing ')' before identifier 'hwnd'
1>c:\users\dell inspiron\documents\visual studio 2010\projects\simpledll\simpledll\test.c(41): error C2061: syntax error : identifier 'hwnd'
1>c:\users\dell inspiron\documents\visual studio 2010\projects\simpledll\simpledll\test.c(41): error C2059: syntax error : ';'
1>c:\users\dell inspiron\documents\visual studio 2010\projects\simpledll\simpledll\test.c(41): error C2059: syntax error : ','
1>c:\users\dell inspiron\documents\visual studio 2010\projects\simpledll\simpledll\test.c(41): error C2059: syntax error : ')'
1>c:\users\dell inspiron\documents\visual studio 2010\projects\simpledll\simpledll\test.c(41): error C2146: syntax error : missing ')' before identifier 'hdc'
1>c:\users\dell inspiron\documents\visual studio 2010\projects\simpledll\simpledll\test.c(41): error C2061: syntax error : identifier 'hdc'
1>c:\users\dell inspiron\documents\visual studio 2010\projects\simpledll\simpledll\test.c(41): error C2059: syntax error : ';'
1>c:\users\dell inspiron\documents\visual studio 2010\projects\simpledll\simpledll\test.c(41): error C2059: syntax error : ','
1>c:\users\dell inspiron\documents\visual studio 2010\projects\simpledll\simpledll\test.c(41): error C2059: syntax error : ')'
1>c:\users\dell inspiron\documents\visual studio 2010\projects\simpledll\simpledll\test.c(41): error C2146: syntax error : missing ')' before identifier 'hwnd'
1>c:\users\dell inspiron\documents\visual studio 2010\projects\simpledll\simpledll\test.c(41): error C2061: syntax error : identifier 'hwnd'
1>c:\users\dell inspiron\documents\visual studio 2010\projects\simpledll\simpledll\test.c(41): error C2059: syntax error : ';'
1>c:\users\dell inspiron\documents\visual studio 2010\projects\simpledll\simpledll\test.c(41): error C2059: syntax error : ','
1>c:\users\dell inspiron\documents\visual studio 2010\projects\simpledll\simpledll\test.c(41): error C2059: syntax error : ')'
1>  simpledll.c
1>c:\users\dell inspiron\documents\visual studio 2010\projects\simpledll\simpledll\simpledll.h(15): warning C4005: 'WINAPI' : macro redefinition
1>          c:\program files (x86)\microsoft sdks\windows\v7.0a\include\windef.h(124) : see previous definition of 'WINAPI'
1>c:\users\dell inspiron\documents\visual studio 2010\projects\simpledll\simpledll\simpledll.h(20): warning C4005: 'export' : macro redefinition
1>          c:\users\dell inspiron\documents\visual studio 2010\projects\simpledll\simpledll\simpledll.h(11) : see previous definition of 'export'
1>c:\users\dell inspiron\documents\visual studio 2010\projects\simpledll\simpledll\simpledll.h(21): warning C4005: 'export' : macro redefinition
1>          c:\users\dell inspiron\documents\visual studio 2010\projects\simpledll\simpledll\simpledll.h(20) : see previous definition of 'export'
1>c:\users\dell inspiron\documents\visual studio 2010\projects\simpledll\simpledll\simpledll.h(45): warning C4005: 'bool' : macro redefinition
1>          c:\users\dell inspiron\documents\visual studio 2010\projects\simpledll\simpledll\simpledll.h(42) : see previous definition of 'bool'
1>c:\users\dell inspiron\documents\visual studio 2010\projects\simpledll\simpledll\simpledll.h(58): warning C4002: too many actual parameters for macro 'prc'
1>c:\users\dell inspiron\documents\visual studio 2010\projects\simpledll\simpledll\simpledll.h(58): error C2059: syntax error : ','
1>c:\users\dell inspiron\documents\visual studio 2010\projects\simpledll\simpledll\simpledll.h(58): error C2143: syntax error : missing ')' before '/'
1>c:\users\dell inspiron\documents\visual studio 2010\projects\simpledll\simpledll\simpledll.h(58): error C2143: syntax error : missing '{' before '/'
1>c:\users\dell inspiron\documents\visual studio 2010\projects\simpledll\simpledll\simpledll.h(58): error C2059: syntax error : '/'
1>c:\users\dell inspiron\documents\visual studio 2010\projects\simpledll\simpledll\simpledll.h(58): warning C4002: too many actual parameters for macro 'prc'
1>c:\users\dell inspiron\documents\visual studio 2010\projects\simpledll\simpledll\simpledll.h(58): error C2059: syntax error : ')'
1>c:\users\dell inspiron\documents\visual studio 2010\projects\simpledll\simpledll\simpledll.h(61): warning C4002: too many actual parameters for macro 'prc'
1>c:\users\dell inspiron\documents\visual studio 2010\projects\simpledll\simpledll\simpledll.h(61): error C2059: syntax error : ','
1>c:\users\dell inspiron\documents\visual studio 2010\projects\simpledll\simpledll\simpledll.h(61): error C2143: syntax error : missing ')' before '/'
1>c:\users\dell inspiron\documents\visual studio 2010\projects\simpledll\simpledll\simpledll.h(61): error C2143: syntax error : missing '{' before '/'
1>c:\users\dell inspiron\documents\visual studio 2010\projects\simpledll\simpledll\simpledll.h(61): error C2059: syntax error : '/'
1>c:\users\dell inspiron\documents\visual studio 2010\projects\simpledll\simpledll\simpledll.h(61): warning C4002: too many actual parameters for macro 'prc'
1>c:\users\dell inspiron\documents\visual studio 2010\projects\simpledll\simpledll\simpledll.h(61): error C2059: syntax error : ')'
1>c:\users\dell inspiron\documents\visual studio 2010\projects\simpledll\simpledll\simpledll.h(67): warning C4005: 'export' : macro redefinition
1>          c:\users\dell inspiron\documents\visual studio 2010\projects\simpledll\simpledll\simpledll.h(21) : see previous definition of 'export'
1>c:\users\dell inspiron\documents\visual studio 2010\projects\simpledll\simpledll\simpledll.h(69): warning C4005: 'export' : macro redefinition
1>          c:\users\dell inspiron\documents\visual studio 2010\projects\simpledll\simpledll\simpledll.h(67) : see previous definition of 'export'
1>c:\users\dell inspiron\documents\visual studio 2010\projects\simpledll\simpledll\simpledll.h(75): warning C4005: 'HINSTANCE' : macro redefinition
1>          c:\users\dell inspiron\documents\visual studio 2010\projects\simpledll\simpledll\simpledll.h(16) : see previous definition of 'HINSTANCE'
1>c:\users\dell inspiron\documents\visual studio 2010\projects\simpledll\simpledll\simpledll.c(5): error C2061: syntax error : identifier 'DllMain'
1>c:\users\dell inspiron\documents\visual studio 2010\projects\simpledll\simpledll\simpledll.c(5): error C2059: syntax error : ';'
1>c:\users\dell inspiron\documents\visual studio 2010\projects\simpledll\simpledll\simpledll.c(5): error C2146: syntax error : missing ')' before identifier 'hInstance'
1>c:\users\dell inspiron\documents\visual studio 2010\projects\simpledll\simpledll\simpledll.c(5): error C2061: syntax error : identifier 'hInstance'
1>c:\users\dell inspiron\documents\visual studio 2010\projects\simpledll\simpledll\simpledll.c(5): error C2059: syntax error : ','
1>c:\users\dell inspiron\documents\visual studio 2010\projects\simpledll\simpledll\simpledll.c(5): error C2059: syntax error : ')'
1>c:\users\dell inspiron\documents\visual studio 2010\projects\simpledll\simpledll\simpledll.c(9): error C2146: syntax error : missing ')' before identifier 'hdc'
1>c:\users\dell inspiron\documents\visual studio 2010\projects\simpledll\simpledll\simpledll.c(9): error C2061: syntax error : identifier 'hdc'
1>c:\users\dell inspiron\documents\visual studio 2010\projects\simpledll\simpledll\simpledll.c(9): error C2059: syntax error : ';'
1>c:\users\dell inspiron\documents\visual studio 2010\projects\simpledll\simpledll\simpledll.c(9): error C2059: syntax error : ','
1>c:\users\dell inspiron\documents\visual studio 2010\projects\simpledll\simpledll\simpledll.c(9): error C2059: syntax error : ')'
1>c:\users\dell inspiron\documents\visual studio 2010\projects\simpledll\simpledll\simpledll.c(9): error C2146: syntax error : missing ')' before identifier 'hwnd'
1>c:\users\dell inspiron\documents\visual studio 2010\projects\simpledll\simpledll\simpledll.c(9): error C2061: syntax error : identifier 'hwnd'
1>c:\users\dell inspiron\documents\visual studio 2010\projects\simpledll\simpledll\simpledll.c(9): error C2059: syntax error : ';'
1>c:\users\dell inspiron\documents\visual studio 2010\projects\simpledll\simpledll\simpledll.c(9): error C2059: syntax error : ','
1>c:\users\dell inspiron\documents\visual studio 2010\projects\simpledll\simpledll\simpledll.c(9): error C2059: syntax error : ')'
1>c:\users\dell inspiron\documents\visual studio 2010\projects\simpledll\simpledll\simpledll.c(9): error C2146: syntax error : missing ')' before identifier 'hdc'
1>c:\users\dell inspiron\documents\visual studio 2010\projects\simpledll\simpledll\simpledll.c(9): error C2061: syntax error : identifier 'hdc'
1>c:\users\dell inspiron\documents\visual studio 2010\projects\simpledll\simpledll\simpledll.c(9): error C2059: syntax error : ';'
1>c:\users\dell inspiron\documents\visual studio 2010\projects\simpledll\simpledll\simpledll.c(9): error C2059: syntax error : ','
1>c:\users\dell inspiron\documents\visual studio 2010\projects\simpledll\simpledll\simpledll.c(9): error C2059: syntax error : ')'
1>c:\users\dell inspiron\documents\visual studio 2010\projects\simpledll\simpledll\simpledll.c(9): error C2059: syntax error : '('
1>c:\users\dell inspiron\documents\visual studio 2010\projects\simpledll\simpledll\simpledll.c(15): warning C4002: too many actual parameters for macro 'prc'
1>c:\users\dell inspiron\documents\visual studio 2010\projects\simpledll\simpledll\simpledll.c(15): warning C4002: too many actual parameters for macro 'prc'
1>c:\users\dell inspiron\documents\visual studio 2010\projects\simpledll\simpledll\simpledll.c(17): error C2146: syntax error : missing ')' before identifier 'hdc'
1>c:\users\dell inspiron\documents\visual studio 2010\projects\simpledll\simpledll\simpledll.c(17): error C2061: syntax error : identifier 'hdc'
1>c:\users\dell inspiron\documents\visual studio 2010\projects\simpledll\simpledll\simpledll.c(17): error C2059: syntax error : ';'
1>c:\users\dell inspiron\documents\visual studio 2010\projects\simpledll\simpledll\simpledll.c(17): error C2059: syntax error : ','
1>c:\users\dell inspiron\documents\visual studio 2010\projects\simpledll\simpledll\simpledll.c(17): error C2059: syntax error : ')'
1>c:\users\dell inspiron\documents\visual studio 2010\projects\simpledll\simpledll\simpledll.c(17): error C2146: syntax error : missing ')' before identifier 'hwnd'
1>c:\users\dell inspiron\documents\visual studio 2010\projects\simpledll\simpledll\simpledll.c(17): error C2061: syntax error : identifier 'hwnd'
1>c:\users\dell inspiron\documents\visual studio 2010\projects\simpledll\simpledll\simpledll.c(17): error C2059: syntax error : ';'
1>c:\users\dell inspiron\documents\visual studio 2010\projects\simpledll\simpledll\simpledll.c(17): error C2059: syntax error : ','
1>c:\users\dell inspiron\documents\visual studio 2010\projects\simpledll\simpledll\simpledll.c(17): error C2059: syntax error : ')'
1>c:\users\dell inspiron\documents\visual studio 2010\projects\simpledll\simpledll\simpledll.c(17): error C2146: syntax error : missing ')' before identifier 'hdc'
1>c:\users\dell inspiron\documents\visual studio 2010\projects\simpledll\simpledll\simpledll.c(17): error C2061: syntax error : identifier 'hdc'
1>c:\users\dell inspiron\documents\visual studio 2010\projects\simpledll\simpledll\simpledll.c(17): error C2059: syntax error : ';'
1>c:\users\dell inspiron\documents\visual studio 2010\projects\simpledll\simpledll\simpledll.c(17): error C2059: syntax error : ','
1>c:\users\dell inspiron\documents\visual studio 2010\projects\simpledll\simpledll\simpledll.c(17): error C2059: syntax error : ')'
1>c:\users\dell inspiron\documents\visual studio 2010\projects\simpledll\simpledll\simpledll.c(17): error C2146: syntax error : missing ')' before identifier 'hdc'
1>c:\users\dell inspiron\documents\visual studio 2010\projects\simpledll\simpledll\simpledll.c(17): error C2061: syntax error : identifier 'hdc'
1>c:\users\dell inspiron\documents\visual studio 2010\projects\simpledll\simpledll\simpledll.c(17): error C2059: syntax error : ';'
1>c:\users\dell inspiron\documents\visual studio 2010\projects\simpledll\simpledll\simpledll.c(17): error C2059: syntax error : ','
1>c:\users\dell inspiron\documents\visual studio 2010\projects\simpledll\simpledll\simpledll.c(17): error C2059: syntax error : ')'
1>c:\users\dell inspiron\documents\visual studio 2010\projects\simpledll\simpledll\simpledll.c(23): warning C4002: too many actual parameters for macro 'prc'
1>c:\users\dell inspiron\documents\visual studio 2010\projects\simpledll\simpledll\simpledll.c(23): warning C4002: too many actual parameters for macro 'prc'
1>  Generating Code...
1>
1>Build FAILED.
1>
1>Time Elapsed 00:00:04.83
========== Build: 0 succeeded, 1 failed, 0 up-to-date, 0 skipped ==========



1>------ Build started: Project: simpledll, Configuration: Debug Win32 ------
1>Build started 28-04-2014 20:27:30.
1>InitializeBuildStatus:
1>  Touching "Debug\simpledll.unsuccessfulbuild".
1>ClCompile:
1>  test.c
1>c:\users\dell inspiron\documents\visual studio 2010\projects\simpledll\simpledll\simpledll.h(13): error C2143: syntax error : missing '{' before '__stdcall'
1>c:\users\dell inspiron\documents\visual studio 2010\projects\simpledll\simpledll\simpledll.h(14): error C2143: syntax error : missing '{' before '__stdcall'
1>c:\users\dell inspiron\documents\visual studio 2010\projects\simpledll\simpledll\simpledll.h(31): error C2061: syntax error : identifier 'GetTextExtentPoint32A'
1>c:\users\dell inspiron\documents\visual studio 2010\projects\simpledll\simpledll\simpledll.h(31): error C2059: syntax error : ';'
1>c:\users\dell inspiron\documents\visual studio 2010\projects\simpledll\simpledll\simpledll.h(31): error C2059: syntax error : 'type'
1>c:\users\dell inspiron\documents\visual studio 2010\projects\simpledll\simpledll\simpledll.h(34): error C2061: syntax error : identifier 'etTextExtentPoint32W'
1>c:\users\dell inspiron\documents\visual studio 2010\projects\simpledll\simpledll\simpledll.h(34): error C2059: syntax error : ';'
1>c:\users\dell inspiron\documents\visual studio 2010\projects\simpledll\simpledll\simpledll.h(34): error C2059: syntax error : 'type'
1>c:\users\dell inspiron\documents\visual studio 2010\projects\simpledll\simpledll\simpledll.h(46): error C2143: syntax error : missing ')' before '('
1>c:\users\dell inspiron\documents\visual studio 2010\projects\simpledll\simpledll\simpledll.h(46): error C2143: syntax error : missing ')' before '-'
1>c:\users\dell inspiron\documents\visual studio 2010\projects\simpledll\simpledll\simpledll.h(46): error C2091: function returns function
1>c:\users\dell inspiron\documents\visual studio 2010\projects\simpledll\simpledll\simpledll.h(46): error C2143: syntax error : missing '{' before '-'
1>c:\users\dell inspiron\documents\visual studio 2010\projects\simpledll\simpledll\simpledll.h(46): error C2059: syntax error : '-'
1>c:\users\dell inspiron\documents\visual studio 2010\projects\simpledll\simpledll\simpledll.h(46): error C2059: syntax error : ')'
1>c:\users\dell inspiron\documents\visual studio 2010\projects\simpledll\simpledll\simpledll.h(49): error C2143: syntax error : missing ')' before '('
1>c:\users\dell inspiron\documents\visual studio 2010\projects\simpledll\simpledll\simpledll.h(49): error C2143: syntax error : missing ')' before '-'
1>c:\users\dell inspiron\documents\visual studio 2010\projects\simpledll\simpledll\simpledll.h(49): error C2091: function returns function
1>c:\users\dell inspiron\documents\visual studio 2010\projects\simpledll\simpledll\simpledll.h(49): error C2143: syntax error : missing '{' before '-'
1>c:\users\dell inspiron\documents\visual studio 2010\projects\simpledll\simpledll\simpledll.h(49): error C2059: syntax error : '-'
1>c:\users\dell inspiron\documents\visual studio 2010\projects\simpledll\simpledll\simpledll.h(49): error C2059: syntax error : ')'
1>c:\users\dell inspiron\documents\visual studio 2010\projects\simpledll\simpledll\simpledll.h(57): error C2143: syntax error : missing '{' before '__stdcall'
1>c:\users\dell inspiron\documents\visual studio 2010\projects\simpledll\simpledll\test.c(46): error C2143: syntax error : missing '{' before '__stdcall'
1>  simpledll.c
1>c:\users\dell inspiron\documents\visual studio 2010\projects\simpledll\simpledll\simpledll.h(13): error C2143: syntax error : missing '{' before '__stdcall'
1>c:\users\dell inspiron\documents\visual studio 2010\projects\simpledll\simpledll\simpledll.h(14): error C2143: syntax error : missing '{' before '__stdcall'
1>c:\users\dell inspiron\documents\visual studio 2010\projects\simpledll\simpledll\simpledll.h(31): error C2061: syntax error : identifier 'GetTextExtentPoint32A'
1>c:\users\dell inspiron\documents\visual studio 2010\projects\simpledll\simpledll\simpledll.h(31): error C2059: syntax error : ';'
1>c:\users\dell inspiron\documents\visual studio 2010\projects\simpledll\simpledll\simpledll.h(31): error C2059: syntax error : 'type'
1>c:\users\dell inspiron\documents\visual studio 2010\projects\simpledll\simpledll\simpledll.h(34): error C2061: syntax error : identifier 'etTextExtentPoint32W'
1>c:\users\dell inspiron\documents\visual studio 2010\projects\simpledll\simpledll\simpledll.h(34): error C2059: syntax error : ';'
1>c:\users\dell inspiron\documents\visual studio 2010\projects\simpledll\simpledll\simpledll.h(34): error C2059: syntax error : 'type'
1>c:\users\dell inspiron\documents\visual studio 2010\projects\simpledll\simpledll\simpledll.h(46): error C2143: syntax error : missing ')' before '('
1>c:\users\dell inspiron\documents\visual studio 2010\projects\simpledll\simpledll\simpledll.h(46): error C2143: syntax error : missing ')' before '-'
1>c:\users\dell inspiron\documents\visual studio 2010\projects\simpledll\simpledll\simpledll.h(46): error C2091: function returns function
1>c:\users\dell inspiron\documents\visual studio 2010\projects\simpledll\simpledll\simpledll.h(46): error C2143: syntax error : missing '{' before '-'
1>c:\users\dell inspiron\documents\visual studio 2010\projects\simpledll\simpledll\simpledll.h(46): error C2059: syntax error : '-'
1>c:\users\dell inspiron\documents\visual studio 2010\projects\simpledll\simpledll\simpledll.h(46): error C2059: syntax error : ')'
1>c:\users\dell inspiron\documents\visual studio 2010\projects\simpledll\simpledll\simpledll.h(49): error C2143: syntax error : missing ')' before '('
1>c:\users\dell inspiron\documents\visual studio 2010\projects\simpledll\simpledll\simpledll.h(49): error C2143: syntax error : missing ')' before '-'
1>c:\users\dell inspiron\documents\visual studio 2010\projects\simpledll\simpledll\simpledll.h(49): error C2091: function returns function
1>c:\users\dell inspiron\documents\visual studio 2010\projects\simpledll\simpledll\simpledll.h(49): error C2143: syntax error : missing '{' before '-'
1>c:\users\dell inspiron\documents\visual studio 2010\projects\simpledll\simpledll\simpledll.h(49): error C2059: syntax error : '-'
1>c:\users\dell inspiron\documents\visual studio 2010\projects\simpledll\simpledll\simpledll.h(49): error C2059: syntax error : ')'
1>c:\users\dell inspiron\documents\visual studio 2010\projects\simpledll\simpledll\simpledll.h(57): error C2143: syntax error : missing '{' before '__stdcall'
1>c:\users\dell inspiron\documents\visual studio 2010\projects\simpledll\simpledll\simpledll.c(9): error C2143: syntax error : missing '{' before '__stdcall'
1>c:\users\dell inspiron\documents\visual studio 2010\projects\simpledll\simpledll\simpledll.c(14): error C2143: syntax error : missing ')' before 'type'
1>c:\users\dell inspiron\documents\visual studio 2010\projects\simpledll\simpledll\simpledll.c(14): error C2198: 'GetTextExtentPoint32A' : too few arguments for call
1>c:\users\dell inspiron\documents\visual studio 2010\projects\simpledll\simpledll\simpledll.c(14): error C2059: syntax error : ')'
1>c:\users\dell inspiron\documents\visual studio 2010\projects\simpledll\simpledll\simpledll.c(15): error C2063: 'prc' : not a function
1>c:\users\dell inspiron\documents\visual studio 2010\projects\simpledll\simpledll\simpledll.c(15): error C2065: 'right' : undeclared identifier
1>c:\users\dell inspiron\documents\visual studio 2010\projects\simpledll\simpledll\simpledll.c(15): error C2065: 'left' : undeclared identifier
1>c:\users\dell inspiron\documents\visual studio 2010\projects\simpledll\simpledll\simpledll.c(15): error C2065: 'size' : undeclared identifier
1>c:\users\dell inspiron\documents\visual studio 2010\projects\simpledll\simpledll\simpledll.c(15): error C2224: left of '.cx' must have struct/union type
1>c:\users\dell inspiron\documents\visual studio 2010\projects\simpledll\simpledll\simpledll.c(15): error C2063: 'prc' : not a function
1>c:\users\dell inspiron\documents\visual studio 2010\projects\simpledll\simpledll\simpledll.c(15): error C2065: 'bottom' : undeclared identifier
1>c:\users\dell inspiron\documents\visual studio 2010\projects\simpledll\simpledll\simpledll.c(15): error C2065: 'top' : undeclared identifier
1>c:\users\dell inspiron\documents\visual studio 2010\projects\simpledll\simpledll\simpledll.c(15): error C2065: 'size' : undeclared identifier
1>c:\users\dell inspiron\documents\visual studio 2010\projects\simpledll\simpledll\simpledll.c(15): error C2224: left of '.cy' must have struct/union type
1>c:\users\dell inspiron\documents\visual studio 2010\projects\simpledll\simpledll\simpledll.c(15): warning C4047: 'function' : 'int' differs in levels of indirection from 'LPCSTR'
1>c:\users\dell inspiron\documents\visual studio 2010\projects\simpledll\simpledll\simpledll.c(15): warning C4024: 'TextOutA' : different types for formal and actual parameter 2
1>c:\users\dell inspiron\documents\visual studio 2010\projects\simpledll\simpledll\simpledll.c(15): error C2198: 'TextOutA' : too few arguments for call
1>c:\users\dell inspiron\documents\visual studio 2010\projects\simpledll\simpledll\simpledll.c(17): error C2143: syntax error : missing '{' before '__stdcall'
1>c:\users\dell inspiron\documents\visual studio 2010\projects\simpledll\simpledll\simpledll.c(22): error C2143: syntax error : missing ')' before 'type'
1>c:\users\dell inspiron\documents\visual studio 2010\projects\simpledll\simpledll\simpledll.c(22): error C2198: 'GetTextExtentPoint32W' : too few arguments for call
1>c:\users\dell inspiron\documents\visual studio 2010\projects\simpledll\simpledll\simpledll.c(22): error C2059: syntax error : ')'
1>c:\users\dell inspiron\documents\visual studio 2010\projects\simpledll\simpledll\simpledll.c(23): error C2063: 'prc' : not a function
1>c:\users\dell inspiron\documents\visual studio 2010\projects\simpledll\simpledll\simpledll.c(23): error C2065: 'right' : undeclared identifier
1>c:\users\dell inspiron\documents\visual studio 2010\projects\simpledll\simpledll\simpledll.c(23): error C2065: 'left' : undeclared identifier
1>c:\users\dell inspiron\documents\visual studio 2010\projects\simpledll\simpledll\simpledll.c(23): error C2065: 'size' : undeclared identifier
1>c:\users\dell inspiron\documents\visual studio 2010\projects\simpledll\simpledll\simpledll.c(23): error C2224: left of '.cx' must have struct/union type
1>c:\users\dell inspiron\documents\visual studio 2010\projects\simpledll\simpledll\simpledll.c(23): error C2063: 'prc' : not a function
1>c:\users\dell inspiron\documents\visual studio 2010\projects\simpledll\simpledll\simpledll.c(23): error C2065: 'bottom' : undeclared identifier
1>c:\users\dell inspiron\documents\visual studio 2010\projects\simpledll\simpledll\simpledll.c(23): error C2065: 'top' : undeclared identifier
1>c:\users\dell inspiron\documents\visual studio 2010\projects\simpledll\simpledll\simpledll.c(23): error C2065: 'size' : undeclared identifier
1>c:\users\dell inspiron\documents\visual studio 2010\projects\simpledll\simpledll\simpledll.c(23): error C2224: left of '.cy' must have struct/union type
1>c:\users\dell inspiron\documents\visual studio 2010\projects\simpledll\simpledll\simpledll.c(23): warning C4047: 'function' : 'int' differs in levels of indirection from 'PCWSTR'
1>c:\users\dell inspiron\documents\visual studio 2010\projects\simpledll\simpledll\simpledll.c(23): warning C4024: 'TextOutW' : different types for formal and actual parameter 2
1>c:\users\dell inspiron\documents\visual studio 2010\projects\simpledll\simpledll\simpledll.c(23): error C2198: 'TextOutW' : too few arguments for call
1>  Generating Code...
1>
1>Build FAILED.
1>
1>Time Elapsed 00:00:03.81
========== Build: 0 succeeded, 1 failed, 0 up-to-date, 0 skipped ==========



1>------ Build started: Project: simpledll, Configuration: Debug Win32 ------
1>Build started 28-04-2014 18:46:12.
1>InitializeBuildStatus:
1>  Touching "Debug\simpledll.unsuccessfulbuild".
1>ClCompile:
1>  test.c
1>c:\users\dell inspiron\documents\visual studio 2010\projects\simpledll\simpledll\simpledll.h(13): error C2143: syntax error : missing '{' before '__stdcall'
1>c:\users\dell inspiron\documents\visual studio 2010\projects\simpledll\simpledll\simpledll.h(14): error C2143: syntax error : missing '{' before '__stdcall'
1>c:\users\dell inspiron\documents\visual studio 2010\projects\simpledll\simpledll\simpledll.h(29): error C2143: syntax error : missing '{' before '__stdcall'
1>c:\users\dell inspiron\documents\visual studio 2010\projects\simpledll\simpledll\test.c(46): error C2143: syntax error : missing '{' before '__stdcall'
1>  simpledll.c
1>c:\users\dell inspiron\documents\visual studio 2010\projects\simpledll\simpledll\simpledll.h(13): error C2143: syntax error : missing '{' before '__stdcall'
1>c:\users\dell inspiron\documents\visual studio 2010\projects\simpledll\simpledll\simpledll.h(14): error C2143: syntax error : missing '{' before '__stdcall'
1>c:\users\dell inspiron\documents\visual studio 2010\projects\simpledll\simpledll\simpledll.h(29): error C2143: syntax error : missing '{' before '__stdcall'
1>c:\users\dell inspiron\documents\visual studio 2010\projects\simpledll\simpledll\simpledll.c(9): error C2143: syntax error : missing '{' before '__stdcall'
1>c:\users\dell inspiron\documents\visual studio 2010\projects\simpledll\simpledll\simpledll.c(17): error C2143: syntax error : missing '{' before '__stdcall'
1>  Generating Code...
1>
1>Build FAILED.
1>
1>Time Elapsed 00:00:02.63
========== Build: 0 succeeded, 1 failed, 0 up-to-date, 0 skipped ==========



1>------ Build started: Project: simpledll, Configuration: Debug Win32 ------
1>Build started 28-04-2014 18:27:44.
1>InitializeBuildStatus:
1>  Touching "Debug\simpledll.unsuccessfulbuild".
1>ClCompile:
1>  test.c
1>c:\users\dell inspiron\documents\visual studio 2010\projects\simpledll\simpledll\simpledll.h(12): error C2143: syntax error : missing '{' before '__stdcall'
1>c:\users\dell inspiron\documents\visual studio 2010\projects\simpledll\simpledll\simpledll.h(13): error C2143: syntax error : missing '{' before '__stdcall'
1>c:\users\dell inspiron\documents\visual studio 2010\projects\simpledll\simpledll\simpledll.h(28): error C2143: syntax error : missing '{' before '__stdcall'
1>c:\users\dell inspiron\documents\visual studio 2010\projects\simpledll\simpledll\test.c(46): error C2143: syntax error : missing '{' before '__stdcall'
1>  simpledll.c
1>c:\users\dell inspiron\documents\visual studio 2010\projects\simpledll\simpledll\simpledll.h(12): error C2143: syntax error : missing '{' before '__stdcall'
1>c:\users\dell inspiron\documents\visual studio 2010\projects\simpledll\simpledll\simpledll.h(13): error C2143: syntax error : missing '{' before '__stdcall'
1>c:\users\dell inspiron\documents\visual studio 2010\projects\simpledll\simpledll\simpledll.h(28): error C2143: syntax error : missing '{' before '__stdcall'
1>c:\users\dell inspiron\documents\visual studio 2010\projects\simpledll\simpledll\simpledll.c(9): error C2143: syntax error : missing '{' before '__stdcall'
1>c:\users\dell inspiron\documents\visual studio 2010\projects\simpledll\simpledll\simpledll.c(17): error C2143: syntax error : missing '{' before '__stdcall'
1>  Generating Code...
1>
1>Build FAILED.
1>
1>Time Elapsed 00:00:02.80
========== Build: 0 succeeded, 1 failed, 0 up-to-date, 0 skipped ==========



1>------ Build started: Project: simpledll, Configuration: Debug Win32 ------
1>Build started 28-04-2014 18:05:48.
1>InitializeBuildStatus:
1>  Touching "Debug\simpledll.unsuccessfulbuild".
1>ClCompile:
1>  test.c
1>c:\users\dell inspiron\documents\visual studio 2010\projects\simpledll\simpledll\simpledll.h(7): error C2143: syntax error : missing '{' before '__stdcall'
1>c:\users\dell inspiron\documents\visual studio 2010\projects\simpledll\simpledll\simpledll.h(8): error C2143: syntax error : missing '{' before '__stdcall'
1>c:\users\dell inspiron\documents\visual studio 2010\projects\simpledll\simpledll\simpledll.h(20): error C2143: syntax error : missing '{' before '__stdcall'
1>c:\users\dell inspiron\documents\visual studio 2010\projects\simpledll\simpledll\test.c(46): error C2143: syntax error : missing '{' before '__stdcall'
1>  simpledll.c
1>c:\users\dell inspiron\documents\visual studio 2010\projects\simpledll\simpledll\simpledll.h(7): error C2143: syntax error : missing '{' before '__stdcall'
1>c:\users\dell inspiron\documents\visual studio 2010\projects\simpledll\simpledll\simpledll.h(8): error C2143: syntax error : missing '{' before '__stdcall'
1>c:\users\dell inspiron\documents\visual studio 2010\projects\simpledll\simpledll\simpledll.h(20): error C2143: syntax error : missing '{' before '__stdcall'
1>c:\users\dell inspiron\documents\visual studio 2010\projects\simpledll\simpledll\simpledll.c(10): error C2143: syntax error : missing '{' before '__stdcall'
1>c:\users\dell inspiron\documents\visual studio 2010\projects\simpledll\simpledll\simpledll.c(18): error C2143: syntax error : missing '{' before '__stdcall'
1>  Generating Code...
1>
1>Build FAILED.
1>
1>Time Elapsed 00:00:03.36
========== Build: 0 succeeded, 1 failed, 0 up-to-date, 0 skipped ==========



1>------ Build started: Project: simpledll, Configuration: Debug Win32 ------
1>Build started 28-04-2014 17:53:05.
1>InitializeBuildStatus:
1>  Touching "Debug\simpledll.unsuccessfulbuild".
1>ClCompile:
1>  test.c
1>c:\users\dell inspiron\documents\visual studio 2010\projects\simpledll\simpledll\simpledll.h(6): error C2143: syntax error : missing '{' before '__stdcall'
1>c:\users\dell inspiron\documents\visual studio 2010\projects\simpledll\simpledll\simpledll.h(7): error C2143: syntax error : missing '{' before '__stdcall'
1>c:\users\dell inspiron\documents\visual studio 2010\projects\simpledll\simpledll\test.c(5): error C2143: syntax error : missing '{' before '__stdcall'
1>c:\users\dell inspiron\documents\visual studio 2010\projects\simpledll\simpledll\test.c(51): error C2143: syntax error : missing '{' before '__stdcall'
1>  simpledll.c
1>c:\users\dell inspiron\documents\visual studio 2010\projects\simpledll\simpledll\simpledll.h(6): error C2143: syntax error : missing '{' before '__stdcall'
1>c:\users\dell inspiron\documents\visual studio 2010\projects\simpledll\simpledll\simpledll.h(7): error C2143: syntax error : missing '{' before '__stdcall'
1>c:\users\dell inspiron\documents\visual studio 2010\projects\simpledll\simpledll\simpledll.c(10): error C2143: syntax error : missing '{' before '__stdcall'
1>c:\users\dell inspiron\documents\visual studio 2010\projects\simpledll\simpledll\simpledll.c(18): error C2143: syntax error : missing '{' before '__stdcall'
1>  Generating Code...
1>
1>Build FAILED.
1>
1>Time Elapsed 00:00:02.01
========== Build: 0 succeeded, 1 failed, 0 up-to-date, 0 skipped ==========



1>------ Build started: Project: simpledll, Configuration: Debug Win32 ------
1>Build started 28-04-2014 17:45:54.
1>InitializeBuildStatus:
1>  Touching "Debug\simpledll.unsuccessfulbuild".
1>ClCompile:
1>  test.c
1>c:\users\dell inspiron\documents\visual studio 2010\projects\simpledll\simpledll\simpledll.h(6): error C2143: syntax error : missing '{' before '__stdcall'
1>c:\users\dell inspiron\documents\visual studio 2010\projects\simpledll\simpledll\simpledll.h(7): error C2143: syntax error : missing '{' before '__stdcall'
1>c:\users\dell inspiron\documents\visual studio 2010\projects\simpledll\simpledll\test.c(5): error C2143: syntax error : missing '{' before '__stdcall'
1>c:\users\dell inspiron\documents\visual studio 2010\projects\simpledll\simpledll\test.c(52): warning C4142: benign redefinition of type
1>  simpledll.c
1>c:\users\dell inspiron\documents\visual studio 2010\projects\simpledll\simpledll\simpledll.h(6): error C2143: syntax error : missing '{' before '__stdcall'
1>c:\users\dell inspiron\documents\visual studio 2010\projects\simpledll\simpledll\simpledll.h(7): error C2143: syntax error : missing '{' before '__stdcall'
1>c:\users\dell inspiron\documents\visual studio 2010\projects\simpledll\simpledll\simpledll.c(10): error C2143: syntax error : missing '{' before '__stdcall'
1>c:\users\dell inspiron\documents\visual studio 2010\projects\simpledll\simpledll\simpledll.c(18): error C2143: syntax error : missing '{' before '__stdcall'
1>  Generating Code...
1>
1>Build FAILED.
1>
1>Time Elapsed 00:00:02.87
========== Build: 0 succeeded, 1 failed, 0 up-to-date, 0 skipped ==========



1>------ Build started: Project: simpledll, Configuration: Debug Win32 ------
1>Build started 28-04-2014 17:30:00.
1>InitializeBuildStatus:
1>  Touching "Debug\simpledll.unsuccessfulbuild".
1>ClCompile:
1>  test.c
1>c:\users\dell inspiron\documents\visual studio 2010\projects\simpledll\simpledll\simpledll.h(6): error C2143: syntax error : missing '{' before '__stdcall'
1>c:\users\dell inspiron\documents\visual studio 2010\projects\simpledll\simpledll\simpledll.h(7): error C2143: syntax error : missing '{' before '__stdcall'
1>c:\users\dell inspiron\documents\visual studio 2010\projects\simpledll\simpledll\test.c(4): error C2143: syntax error : missing '{' before '__stdcall'
1>c:\users\dell inspiron\documents\visual studio 2010\projects\simpledll\simpledll\test.c(48): warning C4142: benign redefinition of type
1>  simpledll.c
1>c:\users\dell inspiron\documents\visual studio 2010\projects\simpledll\simpledll\simpledll.h(6): error C2143: syntax error : missing '{' before '__stdcall'
1>c:\users\dell inspiron\documents\visual studio 2010\projects\simpledll\simpledll\simpledll.h(7): error C2143: syntax error : missing '{' before '__stdcall'
1>c:\users\dell inspiron\documents\visual studio 2010\projects\simpledll\simpledll\simpledll.c(8): error C2143: syntax error : missing ';' before '{'
1>c:\users\dell inspiron\documents\visual studio 2010\projects\simpledll\simpledll\simpledll.c(9): warning C4098: 'main' : 'void' function returning a value
1>c:\users\dell inspiron\documents\visual studio 2010\projects\simpledll\simpledll\simpledll.c(11): error C2143: syntax error : missing ';' before 'type'
1>c:\users\dell inspiron\documents\visual studio 2010\projects\simpledll\simpledll\simpledll.c(14): error C2275: 'SIZE' : illegal use of this type as an expression
1>          c:\program files (x86)\microsoft sdks\windows\v7.0a\include\windef.h(355) : see declaration of 'SIZE'
1>c:\users\dell inspiron\documents\visual studio 2010\projects\simpledll\simpledll\simpledll.c(14): error C2146: syntax error : missing ';' before identifier 'size'
1>c:\users\dell inspiron\documents\visual studio 2010\projects\simpledll\simpledll\simpledll.c(14): error C2065: 'size' : undeclared identifier
1>c:\users\dell inspiron\documents\visual studio 2010\projects\simpledll\simpledll\simpledll.c(15): error C2065: 'iLength' : undeclared identifier
1>c:\users\dell inspiron\documents\visual studio 2010\projects\simpledll\simpledll\simpledll.c(15): error C2065: 'pString' : undeclared identifier
1>c:\users\dell inspiron\documents\visual studio 2010\projects\simpledll\simpledll\simpledll.c(15): warning C4047: 'function' : 'LPCSTR' differs in levels of indirection from 'int'
1>c:\users\dell inspiron\documents\visual studio 2010\projects\simpledll\simpledll\simpledll.c(15): warning C4024: 'lstrlenA' : different types for formal and actual parameter 1
1>c:\users\dell inspiron\documents\visual studio 2010\projects\simpledll\simpledll\simpledll.c(16): error C2065: 'hdc' : undeclared identifier
1>c:\users\dell inspiron\documents\visual studio 2010\projects\simpledll\simpledll\simpledll.c(16): warning C4047: 'function' : 'HDC' differs in levels of indirection from 'int'
1>c:\users\dell inspiron\documents\visual studio 2010\projects\simpledll\simpledll\simpledll.c(16): warning C4024: 'GetTextExtentPoint32A' : different types for formal and actual parameter 1
1>c:\users\dell inspiron\documents\visual studio 2010\projects\simpledll\simpledll\simpledll.c(16): error C2065: 'pString' : undeclared identifier
1>c:\users\dell inspiron\documents\visual studio 2010\projects\simpledll\simpledll\simpledll.c(16): warning C4047: 'function' : 'LPCSTR' differs in levels of indirection from 'int'
1>c:\users\dell inspiron\documents\visual studio 2010\projects\simpledll\simpledll\simpledll.c(16): warning C4024: 'GetTextExtentPoint32A' : different types for formal and actual parameter 2
1>c:\users\dell inspiron\documents\visual studio 2010\projects\simpledll\simpledll\simpledll.c(16): error C2065: 'iLength' : undeclared identifier
1>c:\users\dell inspiron\documents\visual studio 2010\projects\simpledll\simpledll\simpledll.c(16): error C2065: 'size' : undeclared identifier
1>c:\users\dell inspiron\documents\visual studio 2010\projects\simpledll\simpledll\simpledll.c(16): warning C4133: 'function' : incompatible types - from 'int *' to 'LPSIZE'
1>c:\users\dell inspiron\documents\visual studio 2010\projects\simpledll\simpledll\simpledll.c(17): error C2065: 'hdc' : undeclared identifier
1>c:\users\dell inspiron\documents\visual studio 2010\projects\simpledll\simpledll\simpledll.c(17): warning C4047: 'function' : 'HDC' differs in levels of indirection from 'int'
1>c:\users\dell inspiron\documents\visual studio 2010\projects\simpledll\simpledll\simpledll.c(17): warning C4024: 'TextOutA' : different types for formal and actual parameter 1
1>c:\users\dell inspiron\documents\visual studio 2010\projects\simpledll\simpledll\simpledll.c(17): error C2065: 'prc' : undeclared identifier
1>c:\users\dell inspiron\documents\visual studio 2010\projects\simpledll\simpledll\simpledll.c(17): error C2223: left of '->right' must point to struct/union
1>c:\users\dell inspiron\documents\visual studio 2010\projects\simpledll\simpledll\simpledll.c(17): error C2065: 'prc' : undeclared identifier
1>c:\users\dell inspiron\documents\visual studio 2010\projects\simpledll\simpledll\simpledll.c(17): error C2223: left of '->left' must point to struct/union
1>c:\users\dell inspiron\documents\visual studio 2010\projects\simpledll\simpledll\simpledll.c(17): error C2065: 'size' : undeclared identifier
1>c:\users\dell inspiron\documents\visual studio 2010\projects\simpledll\simpledll\simpledll.c(17): error C2224: left of '.cx' must have struct/union type
1>c:\users\dell inspiron\documents\visual studio 2010\projects\simpledll\simpledll\simpledll.c(17): error C2065: 'prc' : undeclared identifier
1>c:\users\dell inspiron\documents\visual studio 2010\projects\simpledll\simpledll\simpledll.c(17): error C2223: left of '->bottom' must point to struct/union
1>c:\users\dell inspiron\documents\visual studio 2010\projects\simpledll\simpledll\simpledll.c(17): error C2065: 'prc' : undeclared identifier
1>c:\users\dell inspiron\documents\visual studio 2010\projects\simpledll\simpledll\simpledll.c(17): error C2223: left of '->top' must point to struct/union
1>c:\users\dell inspiron\documents\visual studio 2010\projects\simpledll\simpledll\simpledll.c(17): error C2065: 'size' : undeclared identifier
1>c:\users\dell inspiron\documents\visual studio 2010\projects\simpledll\simpledll\simpledll.c(17): error C2224: left of '.cy' must have struct/union type
1>c:\users\dell inspiron\documents\visual studio 2010\projects\simpledll\simpledll\simpledll.c(17): error C2065: 'pString' : undeclared identifier
1>c:\users\dell inspiron\documents\visual studio 2010\projects\simpledll\simpledll\simpledll.c(17): error C2065: 'iLength' : undeclared identifier
1>c:\users\dell inspiron\documents\visual studio 2010\projects\simpledll\simpledll\simpledll.c(17): error C2198: 'TextOutA' : too few arguments for call
1>c:\users\dell inspiron\documents\visual studio 2010\projects\simpledll\simpledll\simpledll.c(17): warning C4098: 'main' : 'void' function returning a value
1>c:\users\dell inspiron\documents\visual studio 2010\projects\simpledll\simpledll\simpledll.c(19): error C2143: syntax error : missing '{' before '__stdcall'
1>c:\users\dell inspiron\documents\visual studio 2010\projects\simpledll\simpledll\simpledll.c(27): error C2059: syntax error : '}'
1>  Generating Code...
1>
1>Build FAILED.
1>
1>Time Elapsed 00:00:02.65
========== Build: 0 succeeded, 1 failed, 0 up-to-date, 0 skipped ==========



1>------ Build started: Project: simpledll, Configuration: Debug Win32 ------
1>Build started 28-04-2014 17:08:05.
1>InitializeBuildStatus:
1>  Touching "Debug\simpledll.unsuccessfulbuild".
1>ClCompile:
1>  simpledll.c
1>c:\users\dell inspiron\documents\visual studio 2010\projects\simpledll\simpledll\simpledll.h(6): error C2143: syntax error : missing '{' before '__stdcall'
1>c:\users\dell inspiron\documents\visual studio 2010\projects\simpledll\simpledll\simpledll.h(7): error C2143: syntax error : missing '{' before '__stdcall'
1>c:\users\dell inspiron\documents\visual studio 2010\projects\simpledll\simpledll\simpledll.c(8): error C2143: syntax error : missing ';' before '{'
1>c:\users\dell inspiron\documents\visual studio 2010\projects\simpledll\simpledll\simpledll.c(9): warning C4098: 'main' : 'void' function returning a value
1>c:\users\dell inspiron\documents\visual studio 2010\projects\simpledll\simpledll\simpledll.c(11): error C2143: syntax error : missing ';' before 'type'
1>c:\users\dell inspiron\documents\visual studio 2010\projects\simpledll\simpledll\simpledll.c(14): error C2275: 'SIZE' : illegal use of this type as an expression
1>          c:\program files (x86)\microsoft sdks\windows\v7.0a\include\windef.h(355) : see declaration of 'SIZE'
1>c:\users\dell inspiron\documents\visual studio 2010\projects\simpledll\simpledll\simpledll.c(14): error C2146: syntax error : missing ';' before identifier 'size'
1>c:\users\dell inspiron\documents\visual studio 2010\projects\simpledll\simpledll\simpledll.c(14): error C2065: 'size' : undeclared identifier
1>c:\users\dell inspiron\documents\visual studio 2010\projects\simpledll\simpledll\simpledll.c(15): error C2065: 'iLength' : undeclared identifier
1>c:\users\dell inspiron\documents\visual studio 2010\projects\simpledll\simpledll\simpledll.c(15): error C2065: 'pString' : undeclared identifier
1>c:\users\dell inspiron\documents\visual studio 2010\projects\simpledll\simpledll\simpledll.c(15): warning C4047: 'function' : 'LPCSTR' differs in levels of indirection from 'int'
1>c:\users\dell inspiron\documents\visual studio 2010\projects\simpledll\simpledll\simpledll.c(15): warning C4024: 'lstrlenA' : different types for formal and actual parameter 1
1>c:\users\dell inspiron\documents\visual studio 2010\projects\simpledll\simpledll\simpledll.c(16): error C2065: 'hdc' : undeclared identifier
1>c:\users\dell inspiron\documents\visual studio 2010\projects\simpledll\simpledll\simpledll.c(16): warning C4047: 'function' : 'HDC' differs in levels of indirection from 'int'
1>c:\users\dell inspiron\documents\visual studio 2010\projects\simpledll\simpledll\simpledll.c(16): warning C4024: 'GetTextExtentPoint32A' : different types for formal and actual parameter 1
1>c:\users\dell inspiron\documents\visual studio 2010\projects\simpledll\simpledll\simpledll.c(16): error C2065: 'pString' : undeclared identifier
1>c:\users\dell inspiron\documents\visual studio 2010\projects\simpledll\simpledll\simpledll.c(16): warning C4047: 'function' : 'LPCSTR' differs in levels of indirection from 'int'
1>c:\users\dell inspiron\documents\visual studio 2010\projects\simpledll\simpledll\simpledll.c(16): warning C4024: 'GetTextExtentPoint32A' : different types for formal and actual parameter 2
1>c:\users\dell inspiron\documents\visual studio 2010\projects\simpledll\simpledll\simpledll.c(16): error C2065: 'iLength' : undeclared identifier
1>c:\users\dell inspiron\documents\visual studio 2010\projects\simpledll\simpledll\simpledll.c(16): error C2065: 'size' : undeclared identifier
1>c:\users\dell inspiron\documents\visual studio 2010\projects\simpledll\simpledll\simpledll.c(16): warning C4133: 'function' : incompatible types - from 'int *' to 'LPSIZE'
1>c:\users\dell inspiron\documents\visual studio 2010\projects\simpledll\simpledll\simpledll.c(17): error C2065: 'hdc' : undeclared identifier
1>c:\users\dell inspiron\documents\visual studio 2010\projects\simpledll\simpledll\simpledll.c(17): warning C4047: 'function' : 'HDC' differs in levels of indirection from 'int'
1>c:\users\dell inspiron\documents\visual studio 2010\projects\simpledll\simpledll\simpledll.c(17): warning C4024: 'TextOutA' : different types for formal and actual parameter 1
1>c:\users\dell inspiron\documents\visual studio 2010\projects\simpledll\simpledll\simpledll.c(17): error C2065: 'prc' : undeclared identifier
1>c:\users\dell inspiron\documents\visual studio 2010\projects\simpledll\simpledll\simpledll.c(17): error C2223: left of '->right' must point to struct/union
1>c:\users\dell inspiron\documents\visual studio 2010\projects\simpledll\simpledll\simpledll.c(17): error C2065: 'prc' : undeclared identifier
1>c:\users\dell inspiron\documents\visual studio 2010\projects\simpledll\simpledll\simpledll.c(17): error C2223: left of '->left' must point to struct/union
1>c:\users\dell inspiron\documents\visual studio 2010\projects\simpledll\simpledll\simpledll.c(17): error C2065: 'size' : undeclared identifier
1>c:\users\dell inspiron\documents\visual studio 2010\projects\simpledll\simpledll\simpledll.c(17): error C2224: left of '.cx' must have struct/union type
1>c:\users\dell inspiron\documents\visual studio 2010\projects\simpledll\simpledll\simpledll.c(17): error C2065: 'prc' : undeclared identifier
1>c:\users\dell inspiron\documents\visual studio 2010\projects\simpledll\simpledll\simpledll.c(17): error C2223: left of '->bottom' must point to struct/union
1>c:\users\dell inspiron\documents\visual studio 2010\projects\simpledll\simpledll\simpledll.c(17): error C2065: 'prc' : undeclared identifier
1>c:\users\dell inspiron\documents\visual studio 2010\projects\simpledll\simpledll\simpledll.c(17): error C2223: left of '->top' must point to struct/union
1>c:\users\dell inspiron\documents\visual studio 2010\projects\simpledll\simpledll\simpledll.c(17): error C2065: 'size' : undeclared identifier
1>c:\users\dell inspiron\documents\visual studio 2010\projects\simpledll\simpledll\simpledll.c(17): error C2224: left of '.cy' must have struct/union type
1>c:\users\dell inspiron\documents\visual studio 2010\projects\simpledll\simpledll\simpledll.c(17): error C2065: 'pString' : undeclared identifier
1>c:\users\dell inspiron\documents\visual studio 2010\projects\simpledll\simpledll\simpledll.c(17): error C2065: 'iLength' : undeclared identifier
1>c:\users\dell inspiron\documents\visual studio 2010\projects\simpledll\simpledll\simpledll.c(17): error C2198: 'TextOutA' : too few arguments for call
1>c:\users\dell inspiron\documents\visual studio 2010\projects\simpledll\simpledll\simpledll.c(17): warning C4098: 'main' : 'void' function returning a value
1>c:\users\dell inspiron\documents\visual studio 2010\projects\simpledll\simpledll\simpledll.c(19): error C2143: syntax error : missing '{' before '__stdcall'
1>c:\users\dell inspiron\documents\visual studio 2010\projects\simpledll\simpledll\simpledll.c(27): error C2059: syntax error : '}'
1>
1>Build FAILED.
1>
1>Time Elapsed 00:00:01.56
========== Build: 0 succeeded, 1 failed, 0 up-to-date, 0 skipped ==========



1>------ Build started: Project: simpledll, Configuration: Debug Win32 ------
1>Build started 28-04-2014 17:01:06.
1>InitializeBuildStatus:
1>  Touching "Debug\simpledll.unsuccessfulbuild".
1>ClCompile:
1>  simpledll.c
1>c:\users\dell inspiron\documents\visual studio 2010\projects\simpledll\simpledll\simpledll.h(6): error C2143: syntax error : missing '{' before '__stdcall'
1>c:\users\dell inspiron\documents\visual studio 2010\projects\simpledll\simpledll\simpledll.h(7): error C2055: expected formal parameter list, not a type list
1>c:\users\dell inspiron\documents\visual studio 2010\projects\simpledll\simpledll\simpledll.h(7): error C2085: 'bool' : not in formal parameter list
1>c:\users\dell inspiron\documents\visual studio 2010\projects\simpledll\simpledll\simpledll.h(7): error C2143: syntax error : missing ';' before '__stdcall'
1>
1>Build FAILED.
1>
1>Time Elapsed 00:00:01.61
========== Build: 0 succeeded, 1 failed, 0 up-to-date, 0 skipped ==========



1>------ Build started: Project: simpledll, Configuration: Debug Win32 ------
1>Build started 28-04-2014 16:51:00.
1>InitializeBuildStatus:
1>  Touching "Debug\simpledll.unsuccessfulbuild".
1>ClCompile:
1>  simpledll.c
1>c:\users\dell inspiron\documents\visual studio 2010\projects\simpledll\simpledll\simpledll.h(7): error C2055: expected formal parameter list, not a type list
1>c:\users\dell inspiron\documents\visual studio 2010\projects\simpledll\simpledll\simpledll.c(5): error C2085: 'CenterTextW' : not in formal parameter list
1>c:\users\dell inspiron\documents\visual studio 2010\projects\simpledll\simpledll\simpledll.c(5): error C2143: syntax error : missing ';' before 'type'
1>c:\users\dell inspiron\documents\visual studio 2010\projects\simpledll\simpledll\simpledll.c(6): error C2085: 'DllMain' : not in formal parameter list
1>c:\users\dell inspiron\documents\visual studio 2010\projects\simpledll\simpledll\simpledll.c(6): error C2143: syntax error : missing ';' before '{'
1>c:\users\dell inspiron\documents\visual studio 2010\projects\simpledll\simpledll\simpledll.c(10): error C2084: function 'BOOL CenterTextA(HDC,PRECT,PCSTR)' already has a body
1>          c:\users\dell inspiron\documents\visual studio 2010\projects\simpledll\simpledll\simpledll.h(6) : see previous definition of 'CenterTextA'
1>c:\users\dell inspiron\documents\visual studio 2010\projects\simpledll\simpledll\simpledll.c(21): warning C4133: 'function' : incompatible types - from 'PCSTR' to 'LPCWSTR'
1>c:\users\dell inspiron\documents\visual studio 2010\projects\simpledll\simpledll\simpledll.c(22): warning C4133: 'function' : incompatible types - from 'PCSTR' to 'LPCWSTR'
1>c:\users\dell inspiron\documents\visual studio 2010\projects\simpledll\simpledll\simpledll.c(23): warning C4133: 'function' : incompatible types - from 'PCSTR' to 'LPCWSTR'
1>
1>Build FAILED.
1>
1>Time Elapsed 00:00:01.82
========== Build: 0 succeeded, 1 failed, 0 up-to-date, 0 skipped ==========
